[dubaiplatinumyachts.com/english.html]
[backblue.gif]
[fade.gif]
[index.html]
[static.tildacdn.com/tild3465-3165-4539-b831-636366653964/Frame_4.png]
[neo.tildacdn.com/js/tilda-fallback-1.0.min.js]
[static.tildacdn.com/css/tilda-grid-3.0.min.css]
[static.tildacdn.com/ws/project4123144/tilda-blocks-page60528425.min50c4.css]
[static.tildacdn.com/css/tilda-animation-2.0.min.css]
[static.tildacdn.com/css/tilda-popup-1.1.min.css]
[static.tildacdn.com/css/tilda-forms-1.0.min.css]
[static.tildacdn.com/js/tilda-polyfill-1.0.min.js]
[static.tildacdn.com/js/jquery-1.10.2.min.js]
[dubaiplatinumyachts.com/OPR/index.html]
[static.tildacdn.com/js/tilda-scripts-3.0.min.js]
[static.tildacdn.com/ws/project4123144/tilda-blocks-page60528425.min50c4.js]
[static.tildacdn.com/js/tilda-lazyload-1.0.min.js]
[static.tildacdn.com/js/tilda-animation-2.0.min.js]
[static.tildacdn.com/js/tilda-zero-1.1.min.js]
[static.tildacdn.com/js/tilda-menu-1.0.min.js]
[static.tildacdn.com/js/tilda-popup-1.0.min.js]
[static.tildacdn.com/js/tilda-forms-1.0.min.js]
[static.tildacdn.com/js/tilda-zero-forms-1.0.min.js]
[static.tildacdn.com/js/tilda-animation-sbs-1.0.min.js]
[static.tildacdn.com/js/tilda-zero-scale-1.0.min.js]
[static.tildacdn.com/js/tilda-zero-fixed-1.0.min.js]
[static.tildacdn.com/js/tilda-skiplink-1.0.min.js]
[static.tildacdn.com/js/tilda-events-1.0.min.js]
[connect.facebook.net/en_US/fbevents.js]
[static.tildacdn.com/tild6231-3531-4630-b138-306131663565/_9_1.jpg]
[dubaiplatinumyachts.com/index.html]
[static.tildacdn.com/tild3432-6565-4061-a363-303230356664/_2.jpg]
[thb.tildacdn.com/tild3432-6565-4061-a363-303230356664/-/resize/20x/_2.jpg]
[static.tildacdn.com/tild3531-6133-4461-b630-363534666166/_4.png]
[static.tildacdn.com/tild3635-6462-4436-b165-633365613733/1.png]
[static.tildacdn.com/tild3533-6239-4765-a638-636163373535/_.png]
[thb.tildacdn.com/tild3533-6239-4765-a638-636163373535/-/resize/20x/_.png]
[static.tildacdn.com/tild3261-3430-4465-b362-643938633236/photo.png]
[thb.tildacdn.com/tild3261-3430-4465-b362-643938633236/-/resize/20x/photo.png]
[static.tildacdn.com/tild3238-3232-4137-b639-666130386230/photo.png]
[static.tildacdn.com/tild6536-3439-4639-b266-623937363564/photo.png]
[static.tildacdn.com/tild3034-3235-4133-b765-393930376135/photo.png]
[static.tildacdn.com/tild3732-3061-4438-b931-636237393562/photo.png]
[static.tildacdn.com/tild3236-6365-4666-a533-386366613165/photo.png]
[static.tildacdn.com/tild3263-6232-4434-b438-356533623934/photo.png]
[dubaiplatinumyachts.com/${bgImg}]
[dubaiplatinumyachts.com/luxuryen.html]
[dubaiplatinumyachts.com/premiumen.html]
[dubaiplatinumyachts.com/standarden.html]
[static.tildacdn.com/tild3464-3261-4330-b633-636639386434/_1.png]
[static.tildacdn.com/tild3165-6263-4865-b737-616565643466/_2.png]
[thb.tildacdn.com/tild3165-6263-4865-b737-616565643466/-/resize/20x/_2.png]
[static.tildacdn.com/tild6531-3439-4061-a264-313264616133/_1.png]
[thb.tildacdn.com/tild6531-3439-4061-a264-313264616133/-/resize/20x/_1.png]
[thb.tildacdn.com/tild6334-3964-4931-b839-666335613037/-/resize/20x/__1.png]
[static.tildacdn.com/tild6334-3964-4931-b839-666335613037/__1.png]
[static.tildacdn.com/tild3830-3762-4561-b135-333935646433/_5.jpg]
[static.tildacdn.com/tild6236-6633-4263-a664-393465623238/_4.jpg]
[thb.tildacdn.com/tild3832-3330-4738-a535-333330316631/-/resize/20x/__1.png]
[static.tildacdn.com/tild3832-3330-4738-a535-333330316631/__1.png]
[static.tildacdn.com/tild3962-3065-4330-a136-633430333330/_5.jpg]
[static.tildacdn.com/tild6537-3063-4439-a135-633366633232/_4.jpg]
[unpkg.com/scrollbooster@3.0.2/dist/scrollbooster.min.js]
[static.tildacdn.com/tild3834-3638-4333-b538-663864613964/whatsapp.png]
[static.tildacdn.com/tild3734-6234-4035-a339-633939666234/whatsapp_1.png]
[static.tildacdn.com/tild3863-3364-4232-a563-396132336433/_2.png]
[static.tildacdn.com/tild6361-3139-4037-b238-363866623535/_1.png]
[static.tildacdn.com/tild6366-6364-4562-b237-363366636236/Instagram.png]
[static.tildacdn.com/tild6663-3231-4266-a461-636364646233/Telegram.png]
[static.tildacdn.com/tild6465-6235-4038-a436-366363303334/Whatsapp_2.png]
[static.tildacdn.com/js/tilda-phone-mask-1.1.min.js]
[mc.yandex.ru/metrika/tag.js]
[dubaiplatinumyachts.com/english.html]
[static.tildacdn.com/css/tilda-grid-3.0.min.css]
[static.tildacdn.com/ws/project4123144/tilda-blocks-page60528425.min50c4.css]
[static.tildacdn.com/css/tilda-animation-2.0.min.css]
[static.tildacdn.com/css/tilda-popup-1.1.min.css]
[static.tildacdn.com/css/tilda-forms-1.0.min.css]
[dubaiplatinumyachts.com/OPR/index.html]
[static.tildacdn.com/js/tilda-stat-1.0.min.js]
[dubaiplatinumyachts.com/a]
[dubaiplatinumyachts.com/signals/config/index.html]
[dubaiplatinumyachts.com/POST.46.delayed]
[dubaiplatinumyachts.com/signals/plugins/index.html]
[dubaiplatinumyachts.com/b.resolvedLink]
[dubaiplatinumyachts.com/schema.org/index.html]
[dubaiplatinumyachts.com/d]
[dubaiplatinumyachts.com/signals/iwl.js]
[dubaiplatinumyachts.com/signals/iwl0fc5.js]
[dubaiplatinumyachts.com/c.dl]
[dubaiplatinumyachts.com/c.rl]
[connect.facebook.net/en_US/fbevents.js]
[static.tildacdn.com/tild6237-3263-4538-a239-653162383366/Frame_4.png]
[static.tildacdn.com/ws/project4123144/tilda-blocks-page60154259.min50c4.css]
[static.tildacdn.com/ws/project4123144/tilda-blocks-page60154259.min50c4.js]
[thb.tildacdn.com/tild3164-6430-4564-a632-663132303763/-/resize/20x/_8.png]
[dubaiplatinumyachts.com/luxury.html]
[dubaiplatinumyachts.com/premium.html]
[dubaiplatinumyachts.com/standard.html]
[static.tildacdn.com/tild6463-3064-4239-a365-626430386264/_5.png]
[static.tildacdn.com/tild6665-3935-4562-b866-363264613461/_7.jpg]
[static.tildacdn.com/tild6230-3063-4737-a335-383534633534/_5.jpg]
[static.tildacdn.com/tild3661-6230-4663-a666-356238636562/_4.jpg]
[static.tildacdn.com/tild3633-6339-4361-a531-353363373233/_7.jpg]
[static.tildacdn.com/tild6532-3738-4662-b166-613334353166/_5.jpg]
[static.tildacdn.com/tild6333-3736-4333-b433-663161303435/_4.jpg]
[static.tildacdn.com/tild3963-3335-4866-b765-313962343635/01.png]
[static.tildacdn.com/tild6165-6263-4434-b633-343438313737/_1.png]
[static.tildacdn.com/tild3631-6535-4335-a238-303839366634/_7.png]
[dubaiplatinumyachts.com/index.html]
[dubaiplatinumyachts.com/${bgImg}.html]
[static.tildacdn.com/ws/project4123144/tilda-blocks-page61804065.min50c4.css]
[static.tildacdn.com/ws/project4123144/tilda-blocks-page61804065.min50c4.js]
[static.tildacdn.com/js/tilda-zero-top-shift-1.0.min.js]
[dubaiplatinumyachts.com/platinumsx88en.html]
[dubaiplatinumyachts.com/platinum82rivaen.html]
[dubaiplatinumyachts.com/platinum105en.html]
[dubaiplatinumyachts.com/platinum108en.html]
[static.tildacdn.com/tild3434-3334-4439-b537-653236323032/Vector_2_1.png]
[dubaiplatinumyachts.com/platinum116en.html]
[static.tildacdn.com/tild6437-3733-4338-a462-333639373736/IMG_7429_2.jpg]
[dubaiplatinumyachts.com/platinum131en.html]
[static.tildacdn.com/tild3539-3937-4263-a364-316636613161/IMG_5037D6C422B3-1.jpg]
[dubaiplatinumyachts.com/platinum135en.html]
[static.tildacdn.com/tild3262-3937-4838-a634-396139393038/IMG_7490_2.jpg]
[dubaiplatinumyachts.com/platinum164t-en.html]
[dubaiplatinumyachts.com/luxuryen.html]
[dubaiplatinumyachts.com/platinum165en.html]
[static.tildacdn.com/ws/project4123144/tilda-blocks-page61803811.min50c4.css]
[static.tildacdn.com/ws/project4123144/tilda-blocks-page61803811.min50c4.js]
[dubaiplatinumyachts.com/platinum5x.html]
[dubaiplatinumyachts.com/platinum60en.html]
[dubaiplatinumyachts.com/platinum63en.html]
[dubaiplatinumyachts.com/platinum66en.html]
[dubaiplatinumyachts.com/platinum67en.html]
[static.tildacdn.com/tild6530-6366-4033-b263-316631333436/01_2.jpg]
[dubaiplatinumyachts.com/platinum70sen.html]
[static.tildacdn.com/tild3834-3534-4339-b035-623735366131/IMG_7884.jpg]
[dubaiplatinumyachts.com/platinum78en.html]
[dubaiplatinumyachts.com/platinum82men.html]
[dubaiplatinumyachts.com/platinum85annaen.html]
[dubaiplatinumyachts.com/platinum882en.html]
[dubaiplatinumyachts.com/platinum95pen.html]
[dubaiplatinumyachts.com/platinum96en.html]
[dubaiplatinumyachts.com/premiumen.html]
[dubaiplatinumyachts.com/platinum110.html]
[static.tildacdn.com/ws/project4123144/tilda-blocks-page61802417.min50c4.css]
[static.tildacdn.com/css/tilda-slds-1.4.min.css]
[static.tildacdn.com/css/tilda-zero-gallery-1.0.min.css]
[static.tildacdn.com/ws/project4123144/tilda-blocks-page61802417.min50c4.js]
[static.tildacdn.com/js/tilda-slds-1.4.min.js]
[static.tildacdn.com/js/tilda-zero-gallery-1.0.min.js]
[static.tildacdn.com/js/hammer.min.js]
[dubaiplatinumyachts.com/platinum68en.html]
[dubaiplatinumyachts.com/platinum40en.html]
[dubaiplatinumyachts.com/platinum42en.html]
[dubaiplatinumyachts.com/platinum43en.html]
[dubaiplatinumyachts.com/platinum48en.html]
[dubaiplatinumyachts.com/platinum50en.html]
[dubaiplatinumyachts.com/platinum55en.html]
[dubaiplatinumyachts.com/platinum88en.html]
[dubaiplatinumyachts.com/platinum90en.html]
[dubaiplatinumyachts.com/standarden.html]
[dubaiplatinumyachts.com/signals/config/index.html]
[dubaiplatinumyachts.com/a.html]
[dubaiplatinumyachts.com/signals/plugins/index.html]
[dubaiplatinumyachts.com/POST.html]
[dubaiplatinumyachts.com/schema.org/index.html]
[dubaiplatinumyachts.com/b.html]
[dubaiplatinumyachts.com/d.html]
[dubaiplatinumyachts.com/signals/iwl.html]
[dubaiplatinumyachts.com/signals/iwl0fc5.html]
[dubaiplatinumyachts.com/c.html]
[dubaiplatinumyachts.com/c-2.html]
[static.tildacdn.com/ws/project4123144/tilda-blocks-page60154259.min50c4.css]
[dubaiplatinumyachts.com/platinum95blacken.html]
[static.tildacdn.com/ws/project4123144/tilda-blocks-page61799823.min50c4.css]
[static.tildacdn.com/ws/project4123144/tilda-blocks-page61799823.min50c4.js]
[dubaiplatinumyachts.com/platinumsx88.html]
[static.tildacdn.com/tild3237-3539-4634-b865-623035386433/IMG_7229_1.png]
[dubaiplatinumyachts.com/platinum82riva.html]
[static.tildacdn.com/tild6262-3463-4236-a437-373861376561/Riva_Diva_82_Brochur.png]
[dubaiplatinumyachts.com/platinum105.html]
[static.tildacdn.com/tild6436-6238-4830-b831-303863663162/IMG_7218.jpg]
[dubaiplatinumyachts.com/platinum108.html]
[static.tildacdn.com/tild3130-6131-4639-b263-653864393863/1_5.jpg]
[dubaiplatinumyachts.com/platinum116.html]
[static.tildacdn.com/tild3262-3866-4730-b133-366461656364/IMG_7429_2.jpg]
[dubaiplatinumyachts.com/platinum131.html]
[static.tildacdn.com/tild6432-3536-4230-a131-373962323431/IMG_5037D6C422B3-1.jpg]
[dubaiplatinumyachts.com/platinum135.html]
[static.tildacdn.com/tild3230-3438-4938-b264-313739646531/IMG_7490_1.png]
[dubaiplatinumyachts.com/platinum164t.html]
[static.tildacdn.com/tild6531-3166-4332-b362-343134666266/1_6.jpg]
[dubaiplatinumyachts.com/platinum165.html]
[static.tildacdn.com/tild6238-3337-4161-a665-643437353063/IMG_7579.jpg]
[dubaiplatinumyachts.com/luxury.html]
[static.tildacdn.com/ws/project4123144/tilda-blocks-page61799289.min50c4.css]
[static.tildacdn.com/ws/project4123144/tilda-blocks-page61799289.min50c4.js]
[static.tildacdn.com/tild6336-6435-4134-a366-393430373532/01_3.jpg]
[dubaiplatinumyachts.com/platinum60.html]
[static.tildacdn.com/tild6438-6430-4264-a561-666433326263/IMG_5499.jpg]
[dubaiplatinumyachts.com/platinum63.html]
[static.tildacdn.com/tild3733-3636-4330-a462-386365303232/1_2.jpg]
[dubaiplatinumyachts.com/platinum66.html]
[static.tildacdn.com/tild6237-3662-4433-b462-393838366262/IMG_7556_1.jpg]
[dubaiplatinumyachts.com/platinum67.html]
[static.tildacdn.com/tild6435-3032-4164-b264-633337376537/01_2.jpg]
[dubaiplatinumyachts.com/platinum70s.html]
[dubaiplatinumyachts.com/platinum78.html]
[static.tildacdn.com/tild3263-6639-4466-b037-633230316636/02_1.jpg]
[dubaiplatinumyachts.com/platinum82matrix.html]
[static.tildacdn.com/tild3364-6564-4466-a361-393261393766/IMG_7640.jpg]
[dubaiplatinumyachts.com/platinum85anna.html]
[static.tildacdn.com/tild3462-6633-4163-b636-626631303261/photo_2024-12-15_164.jpg]
[dubaiplatinumyachts.com/platinum88a.html]
[static.tildacdn.com/tild3439-3761-4831-a438-313465626239/IMG_7449_1_1.png]
[dubaiplatinumyachts.com/platinum95p.html]
[static.tildacdn.com/tild6439-3138-4133-b465-306231613335/photo.jpg]
[dubaiplatinumyachts.com/platinum96.html]
[static.tildacdn.com/tild3030-3230-4531-b731-663265303730/1_3.jpg]
[static.tildacdn.com/tild3734-6465-4835-a337-393938346433/IMG_5914_1.png]
[dubaiplatinumyachts.com/premium.html]
[static.tildacdn.com/ws/project4123144/tilda-blocks-page61797845.min50c4.css]
[static.tildacdn.com/ws/project4123144/tilda-blocks-page61797845.min50c4.js]
[dubaiplatinumyachts.com/platinum68.html]
[static.tildacdn.com/tild3562-3934-4836-b439-383832383031/09_1.png]
[static.tildacdn.com/tild3739-3463-4666-a664-333433616534/IMG_7761_1.jpg]
[dubaiplatinumyachts.com/platinum40.html]
[static.tildacdn.com/tild3234-6530-4432-a230-313133326664/1.jpg]
[dubaiplatinumyachts.com/platinum42.html]
[dubaiplatinumyachts.com/platinum43.html]
[static.tildacdn.com/tild3861-6165-4163-a534-386162373365/IMG_7529_1.jpg]
[dubaiplatinumyachts.com/platinum48.html]
[static.tildacdn.com/tild3836-3039-4130-a566-383265353430/IMG_7535_1.jpg]
[dubaiplatinumyachts.com/platinum50.html]
[static.tildacdn.com/tild3734-6637-4264-b735-366264326632/IMG_7546_1.jpg]
[dubaiplatinumyachts.com/platinum55.html]
[static.tildacdn.com/tild3837-6334-4835-b534-306633636662/IMG_7550_3.jpg]
[dubaiplatinumyachts.com/platinum88.html]
[static.tildacdn.com/tild3436-3463-4330-b131-656131613335/IMG_7926_2.jpg]
[dubaiplatinumyachts.com/platinum90.html]
[static.tildacdn.com/tild3531-6564-4366-b463-626165363733/IMG_7511_2.jpg]
[dubaiplatinumyachts.com/platinum95black.html]
[static.tildacdn.com/tild3464-3138-4835-b339-643164383833/IMG_7914_2.jpg]
[dubaiplatinumyachts.com/standard.html]
[static.tildacdn.com/ws/project4123144/tilda-blocks-page61804065.min50c4.css]
[thb.tildacdn.com/tild3464-6534-4962-b162-623730383333/-/resize/504x/IMG_7229-min.jpg]
[static.tildacdn.com/ws/project4123144/tilda-blocks-page60685971.mind13c.css]
[static.tildacdn.com/css/tilda-zoom-2.0.min.css]
[static.tildacdn.com/ws/project4123144/tilda-blocks-page60685971.mind13c.js]
[static.tildacdn.com/js/tilda-zoom-2.0.min.js]
[static.tildacdn.com/tild3464-6534-4962-b162-623730383333/IMG_7229-min.jpg]
[thb.tildacdn.com/tild3464-6534-4962-b162-623730383333/-/resizeb/20x/IMG_7229-min.jpg]
[static.tildacdn.com/tild3566-6637-4363-b532-376536353639/IMG_7230_2.jpg]
[thb.tildacdn.com/tild3566-6637-4363-b532-376536353639/-/resizeb/20x/IMG_7230_2.jpg]
[static.tildacdn.com/tild3631-6336-4132-b832-376236646538/IMG_7231-min.jpg]
[thb.tildacdn.com/tild3631-6336-4132-b832-376236646538/-/resizeb/20x/IMG_7231-min.jpg]
[static.tildacdn.com/tild3532-3535-4964-a134-663739633363/IMG_7232-min.jpg]
[thb.tildacdn.com/tild3532-3535-4964-a134-663739633363/-/resizeb/20x/IMG_7232-min.jpg]
[static.tildacdn.com/tild6166-6266-4263-a664-366530393663/IMG_7233-min.jpg]
[thb.tildacdn.com/tild6166-6266-4263-a664-366530393663/-/resizeb/20x/IMG_7233-min.jpg]
[static.tildacdn.com/tild3262-6636-4262-b335-646666613430/IMG_7238-min.jpg]
[thb.tildacdn.com/tild3262-6636-4262-b335-646666613430/-/resizeb/20x/IMG_7238-min.jpg]
[static.tildacdn.com/tild3037-6134-4765-a362-646365633433/IMG_7239-min.jpg]
[thb.tildacdn.com/tild3037-6134-4765-a362-646365633433/-/resizeb/20x/IMG_7239-min.jpg]
[static.tildacdn.com/tild6131-3839-4034-a433-396465333733/_1.png]
[static.tildacdn.com/tild3137-3332-4261-b035-623938343565/Vector.png]
[dubaiplatinumyachts.com/platinumsx88en.html]
[dubaiplatinumyachts.com/english/index.html]
[static.tildacdn.com/tild6565-3761-4635-b563-323539316465/Riva_Diva_82_Brochur.png]
[static.tildacdn.com/ws/project4123144/tilda-blocks-page64870353.min26c8.css]
[static.tildacdn.com/ws/project4123144/tilda-blocks-page64870353.min26c8.js]
[static.tildacdn.com/tild3936-3364-4536-a637-343866323335/Riva_Diva_82_Brochur.png]
[thb.tildacdn.com/tild3936-3364-4536-a637-343866323335/-/resizeb/20x/Riva_Diva_82_Brochur.png]
[static.tildacdn.com/tild3033-6361-4631-a565-656237353238/Riva_Diva_82_Brochur.png]
[thb.tildacdn.com/tild3033-6361-4631-a565-656237353238/-/resizeb/20x/Riva_Diva_82_Brochur.png]
[static.tildacdn.com/tild3238-3431-4137-a439-323564343030/Riva_Diva_82_Brochur.png]
[thb.tildacdn.com/tild3238-3431-4137-a439-323564343030/-/resizeb/20x/Riva_Diva_82_Brochur.png]
[static.tildacdn.com/tild3030-6538-4564-a436-383735323661/Riva_Diva_82_Brochur.png]
[thb.tildacdn.com/tild3030-6538-4564-a436-383735323661/-/resizeb/20x/Riva_Diva_82_Brochur.png]
[static.tildacdn.com/tild6238-3937-4163-b738-376538663966/Riva_Diva_82_Brochur.png]
[thb.tildacdn.com/tild6238-3937-4163-b738-376538663966/-/resizeb/20x/Riva_Diva_82_Brochur.png]
[static.tildacdn.com/tild6134-3030-4039-b564-373234613838/Riva_Diva_82_Brochur.png]
[thb.tildacdn.com/tild6134-3030-4039-b564-373234613838/-/resizeb/20x/Riva_Diva_82_Brochur.png]
[static.tildacdn.com/tild6332-3966-4832-a538-343238376639/Riva_Diva_82_Brochur.png]
[thb.tildacdn.com/tild6332-3966-4832-a538-343238376639/-/resizeb/20x/Riva_Diva_82_Brochur.png]
[static.tildacdn.com/tild3133-3532-4537-a435-343964636363/Riva_Diva_82_Brochur.png]
[thb.tildacdn.com/tild3133-3532-4537-a435-343964636363/-/resizeb/20x/Riva_Diva_82_Brochur.png]
[static.tildacdn.com/tild3864-3139-4863-b831-616665616232/Riva_Diva_82_Brochur.png]
[thb.tildacdn.com/tild3864-3139-4863-b831-616665616232/-/resizeb/20x/Riva_Diva_82_Brochur.png]
[static.tildacdn.com/tild3538-3232-4463-b237-316131323564/Riva_Diva_82_Brochur.png]
[thb.tildacdn.com/tild3538-3232-4463-b237-316131323564/-/resizeb/20x/Riva_Diva_82_Brochur.png]
[static.tildacdn.com/tild6262-6166-4235-b932-373566303830/Riva_Diva_82_Brochur.png]
[thb.tildacdn.com/tild6262-6166-4235-b932-373566303830/-/resizeb/20x/Riva_Diva_82_Brochur.png]
[static.tildacdn.com/tild6339-3231-4966-b665-346637616135/Riva_Diva_82_Brochur.png]
[thb.tildacdn.com/tild6339-3231-4966-b665-346637616135/-/resizeb/20x/Riva_Diva_82_Brochur.png]
[dubaiplatinumyachts.com/platinum82rivaen.html]
[thb.tildacdn.com/tild3461-3264-4566-a362-323365316462/-/resize/504x/IMG_7228_1.jpg]
[static.tildacdn.com/ws/project4123144/tilda-blocks-page60686201.mind13c.css]
[static.tildacdn.com/ws/project4123144/tilda-blocks-page60686201.mind13c.js]
[static.tildacdn.com/tild3461-3264-4566-a362-323365316462/IMG_7228_1.jpg]
[thb.tildacdn.com/tild3461-3264-4566-a362-323365316462/-/resizeb/20x/IMG_7228_1.jpg]
[static.tildacdn.com/tild6462-3931-4137-b234-313237313133/IMG_7218.jpg]
[thb.tildacdn.com/tild6462-3931-4137-b234-313237313133/-/resizeb/20x/IMG_7218.jpg]
[static.tildacdn.com/tild6264-3361-4166-b162-656130616463/IMG_7227.jpg]
[thb.tildacdn.com/tild6264-3361-4166-b162-656130616463/-/resizeb/20x/IMG_7227.jpg]
[static.tildacdn.com/tild3139-6161-4462-b032-353138346139/IMG_7210.jpg]
[thb.tildacdn.com/tild3139-6161-4462-b032-353138346139/-/resizeb/20x/IMG_7210.jpg]
[static.tildacdn.com/tild3235-3766-4438-b439-353866323235/IMG_7211.jpg]
[thb.tildacdn.com/tild3235-3766-4438-b439-353866323235/-/resizeb/20x/IMG_7211.jpg]
[static.tildacdn.com/tild3462-3539-4231-b930-356166363965/IMG_7212.jpg]
[thb.tildacdn.com/tild3462-3539-4231-b930-356166363965/-/resizeb/20x/IMG_7212.jpg]
[static.tildacdn.com/tild6465-6462-4331-a131-343363653764/IMG_7219.jpg]
[thb.tildacdn.com/tild6465-6462-4331-a131-343363653764/-/resizeb/20x/IMG_7219.jpg]
[static.tildacdn.com/tild6364-6431-4764-a530-646661396331/IMG_7220.jpg]
[thb.tildacdn.com/tild6364-6431-4764-a530-646661396331/-/resizeb/20x/IMG_7220.jpg]
[static.tildacdn.com/tild6236-3231-4534-b230-363761343533/IMG_7221.jpg]
[thb.tildacdn.com/tild6236-3231-4534-b230-363761343533/-/resizeb/20x/IMG_7221.jpg]
[static.tildacdn.com/tild3534-3739-4864-a664-626437386566/IMG_7222.jpg]
[thb.tildacdn.com/tild3534-3739-4864-a664-626437386566/-/resizeb/20x/IMG_7222.jpg]
[dubaiplatinumyachts.com/platinum105en.html]
[static.tildacdn.com/tild6631-3731-4465-a664-656362363964/1_5.jpg]
[static.tildacdn.com/ws/project4123144/tilda-blocks-page64870495.min26c8.css]
[static.tildacdn.com/ws/project4123144/tilda-blocks-page64870495.min26c8.js]
[static.tildacdn.com/tild3765-3364-4636-b163-393865613936/1_5.jpg]
[thb.tildacdn.com/tild3765-3364-4636-b163-393865613936/-/resizeb/20x/1_5.jpg]
[static.tildacdn.com/tild3431-3233-4335-b835-366530326131/5_4_1_12.png]
[thb.tildacdn.com/tild3431-3233-4335-b835-366530326131/-/resizeb/20x/5_4_1_12.png]
[static.tildacdn.com/tild3436-3937-4462-a134-366239323564/5_4_1_13.png]
[thb.tildacdn.com/tild3436-3937-4462-a134-366239323564/-/resizeb/20x/5_4_1_13.png]
[static.tildacdn.com/tild6366-3732-4239-a461-626363303237/5_4_1_14.png]
[thb.tildacdn.com/tild6366-3732-4239-a461-626363303237/-/resizeb/20x/5_4_1_14.png]
[static.tildacdn.com/tild3265-3638-4466-a530-333236663435/5_4_1_15.png]
[thb.tildacdn.com/tild3265-3638-4466-a530-333236663435/-/resizeb/20x/5_4_1_15.png]
[static.tildacdn.com/tild3739-3935-4239-b332-343530653061/5_4_1_16.png]
[thb.tildacdn.com/tild3739-3935-4239-b332-343530653061/-/resizeb/20x/5_4_1_16.png]
[static.tildacdn.com/tild3236-3338-4339-b433-626565326461/5_4_1_17.png]
[thb.tildacdn.com/tild3236-3338-4339-b433-626565326461/-/resizeb/20x/5_4_1_17.png]
[static.tildacdn.com/tild3333-3838-4433-b039-656437626162/5_4_1_18.png]
[thb.tildacdn.com/tild3333-3838-4433-b039-656437626162/-/resizeb/20x/5_4_1_18.png]
[static.tildacdn.com/tild3230-6563-4566-a565-343766653636/5_4_1_19.png]
[thb.tildacdn.com/tild3230-6563-4566-a565-343766653636/-/resizeb/20x/5_4_1_19.png]
[dubaiplatinumyachts.com/platinum108en.html]
[thb.tildacdn.com/tild3635-3839-4130-b436-396564633764/-/resize/504x/IMG_7429.jpg]
[static.tildacdn.com/ws/project4123144/tilda-blocks-page60686431.mind13c.css]
[static.tildacdn.com/ws/project4123144/tilda-blocks-page60686431.mind13c.js]
[static.tildacdn.com/tild3635-3839-4130-b436-396564633764/IMG_7429.jpg]
[thb.tildacdn.com/tild3635-3839-4130-b436-396564633764/-/resizeb/20x/IMG_7429.jpg]
[static.tildacdn.com/tild3639-6537-4233-a665-656339623938/IMG_7430.jpg]
[thb.tildacdn.com/tild3639-6537-4233-a665-656339623938/-/resizeb/20x/IMG_7430.jpg]
[static.tildacdn.com/tild3230-6665-4837-a532-633032386135/IMG_7431.jpg]
[thb.tildacdn.com/tild3230-6665-4837-a532-633032386135/-/resizeb/20x/IMG_7431.jpg]
[static.tildacdn.com/tild3464-3138-4330-b165-643630343237/IMG_7432.jpg]
[thb.tildacdn.com/tild3464-3138-4330-b165-643630343237/-/resizeb/20x/IMG_7432.jpg]
[static.tildacdn.com/tild3665-3333-4938-b634-613037313665/IMG_7433.jpg]
[thb.tildacdn.com/tild3665-3333-4938-b634-613037313665/-/resizeb/20x/IMG_7433.jpg]
[static.tildacdn.com/tild3065-3763-4963-a139-623432333063/IMG_7434.jpg]
[thb.tildacdn.com/tild3065-3763-4963-a139-623432333063/-/resizeb/20x/IMG_7434.jpg]
[static.tildacdn.com/tild3662-6232-4232-a365-303032333261/IMG_7435.jpg]
[thb.tildacdn.com/tild3662-6232-4232-a365-303032333261/-/resizeb/20x/IMG_7435.jpg]
[static.tildacdn.com/tild3833-6435-4034-b738-366161663739/IMG_7436.jpg]
[thb.tildacdn.com/tild3833-6435-4034-b738-366161663739/-/resizeb/20x/IMG_7436.jpg]
[static.tildacdn.com/tild3965-6261-4963-b639-303661666165/IMG_7437.jpg]
[thb.tildacdn.com/tild3965-6261-4963-b639-303661666165/-/resizeb/20x/IMG_7437.jpg]
[static.tildacdn.com/tild6136-3432-4466-b335-336233316163/IMG_7439.jpg]
[thb.tildacdn.com/tild6136-3432-4466-b335-336233316163/-/resizeb/20x/IMG_7439.jpg]
[dubaiplatinumyachts.com/platinum116en.html]
[static.tildacdn.com/tild3466-3634-4639-b338-626234636363/IMG_5037D6C422B3-1.jpg]
[static.tildacdn.com/ws/project4123144/tilda-blocks-page64870681.min26c8.css]
[static.tildacdn.com/ws/project4123144/tilda-blocks-page64870681.min26c8.js]
[static.tildacdn.com/tild3437-6131-4534-b131-666230393036/IMG_5037D6C422B3-1.jpg]
[thb.tildacdn.com/tild3437-6131-4534-b131-666230393036/-/resizeb/20x/IMG_5037D6C422B3-1.jpg]
[static.tildacdn.com/tild6336-6132-4563-b662-313566633238/IMG_5037D6C422B3-2.jpg]
[thb.tildacdn.com/tild6336-6132-4563-b662-313566633238/-/resizeb/20x/IMG_5037D6C422B3-2.jpg]
[static.tildacdn.com/tild6135-6436-4839-b863-356134616430/IMG_5037D6C422B3-3.jpg]
[thb.tildacdn.com/tild6135-6436-4839-b863-356134616430/-/resizeb/20x/IMG_5037D6C422B3-3.jpg]
[static.tildacdn.com/tild6463-3538-4138-a461-336331663531/IMG_5037D6C422B3-5.jpg]
[thb.tildacdn.com/tild6463-3538-4138-a461-336331663531/-/resizeb/20x/IMG_5037D6C422B3-5.jpg]
[static.tildacdn.com/tild3061-3461-4437-a633-323761663130/IMG_5037D6C422B3-4.jpg]
[thb.tildacdn.com/tild3061-3461-4437-a633-323761663130/-/resizeb/20x/IMG_5037D6C422B3-4.jpg]
[static.tildacdn.com/tild3164-3865-4661-b331-323066303533/IMG_5037D6C422B3-6.jpg]
[thb.tildacdn.com/tild3164-3865-4661-b331-323066303533/-/resizeb/20x/IMG_5037D6C422B3-6.jpg]
[static.tildacdn.com/tild3034-3236-4438-b364-326465396335/IMG_5037D6C422B3-7.jpg]
[thb.tildacdn.com/tild3034-3236-4438-b364-326465396335/-/resizeb/20x/IMG_5037D6C422B3-7.jpg]
[static.tildacdn.com/tild3139-6435-4334-b038-643331646136/IMG_5037D6C422B3-22.jpg]
[thb.tildacdn.com/tild3139-6435-4334-b038-643331646136/-/resizeb/20x/IMG_5037D6C422B3-22.jpg]
[static.tildacdn.com/tild3130-6534-4137-b462-653438343333/IMG_5037D6C422B3-21.jpg]
[thb.tildacdn.com/tild3130-6534-4137-b462-653438343333/-/resizeb/20x/IMG_5037D6C422B3-21.jpg]
[static.tildacdn.com/tild3838-3333-4430-b732-336663303965/IMG_5037D6C422B3-20.jpg]
[thb.tildacdn.com/tild3838-3333-4430-b732-336663303965/-/resizeb/20x/IMG_5037D6C422B3-20.jpg]
[static.tildacdn.com/tild3534-3862-4037-b731-666165643061/IMG_5037D6C422B3-19.jpg]
[thb.tildacdn.com/tild3534-3862-4037-b731-666165643061/-/resizeb/20x/IMG_5037D6C422B3-19.jpg]
[static.tildacdn.com/tild6634-6539-4933-b161-666435646236/IMG_5037D6C422B3-18.jpg]
[thb.tildacdn.com/tild6634-6539-4933-b161-666435646236/-/resizeb/20x/IMG_5037D6C422B3-18.jpg]
[static.tildacdn.com/tild3666-3131-4535-b231-386234613064/IMG_5037D6C422B3-17.jpg]
[thb.tildacdn.com/tild3666-3131-4535-b231-386234613064/-/resizeb/20x/IMG_5037D6C422B3-17.jpg]
[static.tildacdn.com/tild3765-3333-4730-b531-616336343664/IMG_5037D6C422B3-16.jpg]
[thb.tildacdn.com/tild3765-3333-4730-b531-616336343664/-/resizeb/20x/IMG_5037D6C422B3-16.jpg]
[static.tildacdn.com/tild6364-3236-4165-b464-326134626431/IMG_5037D6C422B3-15.jpg]
[thb.tildacdn.com/tild6364-3236-4165-b464-326134626431/-/resizeb/20x/IMG_5037D6C422B3-15.jpg]
[static.tildacdn.com/tild3062-3536-4331-b663-363236303561/IMG_5037D6C422B3-14.jpg]
[thb.tildacdn.com/tild3062-3536-4331-b663-363236303561/-/resizeb/20x/IMG_5037D6C422B3-14.jpg]
[static.tildacdn.com/tild6431-3930-4235-b130-643634366435/IMG_5037D6C422B3-13.jpg]
[thb.tildacdn.com/tild6431-3930-4235-b130-643634366435/-/resizeb/20x/IMG_5037D6C422B3-13.jpg]
[static.tildacdn.com/tild3236-3130-4766-a330-643966373433/IMG_5037D6C422B3-12.jpg]
[thb.tildacdn.com/tild3236-3130-4766-a330-643966373433/-/resizeb/20x/IMG_5037D6C422B3-12.jpg]
[static.tildacdn.com/tild6630-3939-4430-a135-623562313565/IMG_5037D6C422B3-11.jpg]
[thb.tildacdn.com/tild6630-3939-4430-a135-623562313565/-/resizeb/20x/IMG_5037D6C422B3-11.jpg]
[static.tildacdn.com/tild3634-3165-4237-a131-313934303963/IMG_5037D6C422B3-10.jpg]
[thb.tildacdn.com/tild3634-3165-4237-a131-313934303963/-/resizeb/20x/IMG_5037D6C422B3-10.jpg]
[static.tildacdn.com/tild3738-6239-4137-b636-653562373332/IMG_5037D6C422B3-9.jpg]
[thb.tildacdn.com/tild3738-6239-4137-b636-653562373332/-/resizeb/20x/IMG_5037D6C422B3-9.jpg]
[static.tildacdn.com/tild3764-6134-4536-b437-353837333265/IMG_5037D6C422B3-8.jpg]
[thb.tildacdn.com/tild3764-6134-4536-b437-353837333265/-/resizeb/20x/IMG_5037D6C422B3-8.jpg]
[static.tildacdn.com/tild6339-6132-4836-b463-336363396266/IMG_5037D6C422B3-23.jpg]
[thb.tildacdn.com/tild6339-6132-4836-b463-336363396266/-/resizeb/20x/IMG_5037D6C422B3-23.jpg]
[dubaiplatinumyachts.com/platinum131en.html]
[thb.tildacdn.com/tild3232-6331-4163-b033-343634393033/-/resize/504x/IMG_7490.jpg]
[static.tildacdn.com/ws/project4123144/tilda-blocks-page60686709.min26c8.css]
[static.tildacdn.com/ws/project4123144/tilda-blocks-page60686709.min26c8.js]
[static.tildacdn.com/tild3232-6331-4163-b033-343634393033/IMG_7490.jpg]
[thb.tildacdn.com/tild3232-6331-4163-b033-343634393033/-/resizeb/20x/IMG_7490.jpg]
[static.tildacdn.com/tild3663-6339-4163-a136-326238373833/IMG_7491.jpg]
[thb.tildacdn.com/tild3663-6339-4163-a136-326238373833/-/resizeb/20x/IMG_7491.jpg]
[static.tildacdn.com/tild6663-3234-4235-b366-613839366466/IMG_7492.jpg]
[thb.tildacdn.com/tild6663-3234-4235-b366-613839366466/-/resizeb/20x/IMG_7492.jpg]
[static.tildacdn.com/tild6531-3062-4263-b436-396237636235/IMG_7493.jpg]
[thb.tildacdn.com/tild6531-3062-4263-b436-396237636235/-/resizeb/20x/IMG_7493.jpg]
[static.tildacdn.com/tild3661-3165-4537-a636-343063306165/IMG_7494.jpg]
[thb.tildacdn.com/tild3661-3165-4537-a636-343063306165/-/resizeb/20x/IMG_7494.jpg]
[static.tildacdn.com/tild3937-3838-4631-b932-323366376165/IMG_7495.jpg]
[thb.tildacdn.com/tild3937-3838-4631-b932-323366376165/-/resizeb/20x/IMG_7495.jpg]
[static.tildacdn.com/tild6264-3033-4735-a166-346533333733/IMG_7498.jpg]
[thb.tildacdn.com/tild6264-3033-4735-a166-346533333733/-/resizeb/20x/IMG_7498.jpg]
[static.tildacdn.com/tild6337-6561-4566-b265-656566623433/IMG_7500.jpg]
[thb.tildacdn.com/tild6337-6561-4566-b265-656566623433/-/resizeb/20x/IMG_7500.jpg]
[static.tildacdn.com/tild6533-3963-4236-b935-356534613264/IMG_7501.jpg]
[thb.tildacdn.com/tild6533-3963-4236-b935-356534613264/-/resizeb/20x/IMG_7501.jpg]
[static.tildacdn.com/tild3235-6234-4862-b931-363366316364/IMG_7510.jpg]
[thb.tildacdn.com/tild3235-6234-4862-b931-363366316364/-/resizeb/20x/IMG_7510.jpg]
[dubaiplatinumyachts.com/platinum135en.html]
[static.tildacdn.com/tild3661-3233-4134-a336-383530376637/1_6.jpg]
[static.tildacdn.com/ws/project4123144/tilda-blocks-page64870987.min559b.css]
[static.tildacdn.com/ws/project4123144/tilda-blocks-page64870987.min559b.js]
[static.tildacdn.com/tild3464-6435-4463-b061-303666393639/1_6.jpg]
[thb.tildacdn.com/tild3464-6435-4463-b061-303666393639/-/resizeb/20x/1_6.jpg]
[static.tildacdn.com/tild6530-6561-4038-b664-303734653964/2.png]
[thb.tildacdn.com/tild6530-6561-4038-b664-303734653964/-/resizeb/20x/2.png]
[static.tildacdn.com/tild3264-3162-4936-b335-633032326535/3.png]
[thb.tildacdn.com/tild3264-3162-4936-b335-633032326535/-/resizeb/20x/3.png]
[static.tildacdn.com/tild6438-3664-4431-b065-376332306165/4.png]
[thb.tildacdn.com/tild6438-3664-4431-b065-376332306165/-/resizeb/20x/4.png]
[static.tildacdn.com/tild6264-3730-4230-b530-373930626333/5.png]
[thb.tildacdn.com/tild6264-3730-4230-b530-373930626333/-/resizeb/20x/5.png]
[dubaiplatinumyachts.com/platinum164t-en.html]
[thb.tildacdn.com/tild3935-3962-4739-b939-336361313933/-/resize/504x/IMG_7579.jpg]
[static.tildacdn.com/ws/project4123144/tilda-blocks-page60687011.min26c8.css]
[static.tildacdn.com/ws/project4123144/tilda-blocks-page60687011.min26c8.js]
[static.tildacdn.com/tild3935-3962-4739-b939-336361313933/IMG_7579.jpg]
[thb.tildacdn.com/tild3935-3962-4739-b939-336361313933/-/resizeb/20x/IMG_7579.jpg]
[static.tildacdn.com/tild3433-3539-4538-b836-376230323830/IMG_7593.jpg]
[thb.tildacdn.com/tild3433-3539-4538-b836-376230323830/-/resizeb/20x/IMG_7593.jpg]
[static.tildacdn.com/tild6437-3334-4861-b238-376366363639/IMG_7592.jpg]
[thb.tildacdn.com/tild6437-3334-4861-b238-376366363639/-/resizeb/20x/IMG_7592.jpg]
[static.tildacdn.com/tild3762-3166-4435-a466-646162323465/IMG_7580.jpg]
[thb.tildacdn.com/tild3762-3166-4435-a466-646162323465/-/resizeb/20x/IMG_7580.jpg]
[static.tildacdn.com/tild3765-3966-4337-a233-626332666165/IMG_7581.jpg]
[thb.tildacdn.com/tild3765-3966-4337-a233-626332666165/-/resizeb/20x/IMG_7581.jpg]
[static.tildacdn.com/tild3037-3637-4663-a463-306264326230/IMG_7582.jpg]
[thb.tildacdn.com/tild3037-3637-4663-a463-306264326230/-/resizeb/20x/IMG_7582.jpg]
[static.tildacdn.com/tild3663-3463-4166-a131-653362626466/IMG_7583.jpg]
[thb.tildacdn.com/tild3663-3463-4166-a131-653362626466/-/resizeb/20x/IMG_7583.jpg]
[static.tildacdn.com/tild3732-3038-4238-b535-663035666233/IMG_7584.jpg]
[thb.tildacdn.com/tild3732-3038-4238-b535-663035666233/-/resizeb/20x/IMG_7584.jpg]
[static.tildacdn.com/tild3432-6334-4331-b933-666433376430/IMG_7585.jpg]
[thb.tildacdn.com/tild3432-6334-4331-b933-666433376430/-/resizeb/20x/IMG_7585.jpg]
[static.tildacdn.com/tild6465-3632-4234-a232-643561376538/IMG_7586.jpg]
[thb.tildacdn.com/tild6465-3632-4234-a232-643561376538/-/resizeb/20x/IMG_7586.jpg]
[dubaiplatinumyachts.com/platinum165en.html]
[static.tildacdn.com/ws/project4123144/tilda-blocks-page61803811.min50c4.css]
[thb.tildacdn.com/tild6335-3534-4435-b632-386238633161/-/resize/504x/0007.jpg]
[static.tildacdn.com/ws/project4123144/tilda-blocks-page60590335.min1ded.css]
[static.tildacdn.com/ws/project4123144/tilda-blocks-page60590335.min1ded.js]
[dubaiplatinumyachts.com/platinum5xen.html]
[static.tildacdn.com/tild6335-3534-4435-b632-386238633161/0007.jpg]
[thb.tildacdn.com/tild6335-3534-4435-b632-386238633161/-/resizeb/20x/0007.jpg]
[static.tildacdn.com/tild3466-3263-4163-a432-343932366535/0002.jpg]
[thb.tildacdn.com/tild3466-3263-4163-a432-343932366535/-/resizeb/20x/0002.jpg]
[static.tildacdn.com/tild6363-3031-4166-b831-323161373866/0010.jpg]
[thb.tildacdn.com/tild6363-3031-4166-b831-323161373866/-/resizeb/20x/0010.jpg]
[static.tildacdn.com/tild3536-6162-4431-a334-326563346135/0011.jpg]
[thb.tildacdn.com/tild3536-6162-4431-a334-326563346135/-/resizeb/20x/0011.jpg]
[static.tildacdn.com/tild3864-3831-4462-a232-393737386639/0012.jpg]
[thb.tildacdn.com/tild3864-3831-4462-a232-393737386639/-/resizeb/20x/0012.jpg]
[static.tildacdn.com/tild6533-3934-4337-a336-313134633837/0071.jpg]
[thb.tildacdn.com/tild6533-3934-4337-a336-313134633837/-/resizeb/20x/0071.jpg]
[static.tildacdn.com/tild3432-3531-4238-a330-636336373731/0124.jpg]
[thb.tildacdn.com/tild3432-3531-4238-a330-636336373731/-/resizeb/20x/0124.jpg]
[static.tildacdn.com/tild3964-3533-4434-a664-376339613763/0126.jpg]
[thb.tildacdn.com/tild3964-3533-4434-a664-376339613763/-/resizeb/20x/0126.jpg]
[static.tildacdn.com/tild3639-3936-4539-a137-313831306263/0127.jpg]
[thb.tildacdn.com/tild3639-3936-4539-a137-313831306263/-/resizeb/20x/0127.jpg]
[static.tildacdn.com/tild3431-3761-4130-b863-353666393333/0100.jpg]
[thb.tildacdn.com/tild3431-3761-4130-b863-353666393333/-/resizeb/20x/0100.jpg]
[static.tildacdn.com/tild6262-3864-4365-a433-316462393463/0123.jpg]
[thb.tildacdn.com/tild6262-3864-4365-a433-316462393463/-/resizeb/20x/0123.jpg]
[static.tildacdn.com/tild6132-6364-4161-a339-343966623164/0072.jpg]
[thb.tildacdn.com/tild6132-6364-4161-a339-343966623164/-/resizeb/20x/0072.jpg]
[static.tildacdn.com/tild3836-6266-4631-b438-646639623030/0070.jpg]
[thb.tildacdn.com/tild3836-6266-4631-b438-646639623030/-/resizeb/20x/0070.jpg]
[static.tildacdn.com/tild6330-6336-4631-a166-373031633362/0116.jpg]
[thb.tildacdn.com/tild6330-6336-4631-a166-373031633362/-/resizeb/20x/0116.jpg]
[static.tildacdn.com/tild3364-3161-4237-b265-313734643565/0078.jpg]
[thb.tildacdn.com/tild3364-3161-4237-b265-313734643565/-/resizeb/20x/0078.jpg]
[static.tildacdn.com/tild3262-3365-4034-b364-326638633065/0114.jpg]
[thb.tildacdn.com/tild3262-3365-4034-b364-326638633065/-/resizeb/20x/0114.jpg]
[static.tildacdn.com/tild3030-6533-4264-a130-346333333161/0025.jpg]
[thb.tildacdn.com/tild3030-6533-4264-a130-346333333161/-/resizeb/20x/0025.jpg]
[static.tildacdn.com/tild3664-3234-4534-a233-623363306632/0032.jpg]
[thb.tildacdn.com/tild3664-3234-4534-a233-623363306632/-/resizeb/20x/0032.jpg]
[static.tildacdn.com/tild3166-6363-4331-a562-353236366262/0059.jpg]
[thb.tildacdn.com/tild3166-6363-4331-a562-353236366262/-/resizeb/20x/0059.jpg]
[static.tildacdn.com/tild6164-6137-4932-b166-633865623161/0060.jpg]
[thb.tildacdn.com/tild6164-6137-4932-b166-633865623161/-/resizeb/20x/0060.jpg]
[static.tildacdn.com/tild6236-3065-4163-a661-666336623935/0036.jpg]
[thb.tildacdn.com/tild6236-3065-4163-a661-666336623935/-/resizeb/20x/0036.jpg]
[static.tildacdn.com/tild6263-6166-4136-b933-623234373737/0030.jpg]
[thb.tildacdn.com/tild6263-6166-4136-b933-623234373737/-/resizeb/20x/0030.jpg]
[static.tildacdn.com/tild3433-3032-4266-b938-356537343130/0065.jpg]
[thb.tildacdn.com/tild3433-3032-4266-b938-356537343130/-/resizeb/20x/0065.jpg]
[static.tildacdn.com/tild3763-3634-4038-a634-663331363730/0068.jpg]
[thb.tildacdn.com/tild3763-3634-4038-a634-663331363730/-/resizeb/20x/0068.jpg]
[dubaiplatinumyachts.com/platinum5x.html]
[thb.tildacdn.com/tild3538-6265-4431-b462-613039363263/-/resize/504x/IMG_5499.jpg]
[static.tildacdn.com/ws/project4123144/tilda-blocks-page60625079.min1ded.css]
[static.tildacdn.com/ws/project4123144/tilda-blocks-page60625079.min1ded.js]
[static.tildacdn.com/tild3538-6265-4431-b462-613039363263/IMG_5499.jpg]
[thb.tildacdn.com/tild3538-6265-4431-b462-613039363263/-/resizeb/20x/IMG_5499.jpg]
[static.tildacdn.com/tild3937-3030-4466-b336-376365366631/IMG_5500_1.jpg]
[thb.tildacdn.com/tild3937-3030-4466-b336-376365366631/-/resizeb/20x/IMG_5500_1.jpg]
[static.tildacdn.com/tild6466-6438-4333-a233-336433306235/IMG_5502_1.jpg]
[thb.tildacdn.com/tild6466-6438-4333-a233-336433306235/-/resizeb/20x/IMG_5502_1.jpg]
[static.tildacdn.com/tild3831-6239-4962-b662-343431323366/IMG_5503_1.jpg]
[thb.tildacdn.com/tild3831-6239-4962-b662-343431323366/-/resizeb/20x/IMG_5503_1.jpg]
[static.tildacdn.com/tild3136-3864-4134-a631-613233373361/IMG_5504.jpg]
[thb.tildacdn.com/tild3136-3864-4134-a631-613233373361/-/resizeb/20x/IMG_5504.jpg]
[static.tildacdn.com/tild3732-3738-4366-b662-643866633530/IMG_5505.jpg]
[thb.tildacdn.com/tild3732-3738-4366-b662-643866633530/-/resizeb/20x/IMG_5505.jpg]
[static.tildacdn.com/tild6531-3066-4666-a161-643237323833/IMG_5516.jpg]
[thb.tildacdn.com/tild6531-3066-4666-a161-643237323833/-/resizeb/20x/IMG_5516.jpg]
[static.tildacdn.com/tild6638-3934-4231-b862-646533396637/IMG_5517.jpg]
[thb.tildacdn.com/tild6638-3934-4231-b862-646533396637/-/resizeb/20x/IMG_5517.jpg]
[static.tildacdn.com/tild6465-3332-4963-b564-343930613539/IMG_5518.jpg]
[thb.tildacdn.com/tild6465-3332-4963-b564-343930613539/-/resizeb/20x/IMG_5518.jpg]
[static.tildacdn.com/tild3861-6461-4135-b936-666364646333/IMG_5519.jpg]
[thb.tildacdn.com/tild3861-6461-4135-b936-666364646333/-/resizeb/20x/IMG_5519.jpg]
[dubaiplatinumyachts.com/platinum60en.html]
[static.tildacdn.com/tild6335-3163-4638-b735-633237333961/1_2.jpg]
[static.tildacdn.com/ws/project4123144/tilda-blocks-page64869485.min26c8.css]
[static.tildacdn.com/ws/project4123144/tilda-blocks-page64869485.min26c8.js]
[static.tildacdn.com/tild3335-6265-4563-a237-646661343937/1_2.jpg]
[thb.tildacdn.com/tild3335-6265-4563-a237-646661343937/-/resizeb/20x/1_2.jpg]
[static.tildacdn.com/tild3464-3638-4935-b936-316139623239/2_2.jpg]
[thb.tildacdn.com/tild3464-3638-4935-b936-316139623239/-/resizeb/20x/2_2.jpg]
[static.tildacdn.com/tild3136-6461-4566-a134-636261376266/3_2.jpg]
[thb.tildacdn.com/tild3136-6461-4566-a134-636261376266/-/resizeb/20x/3_2.jpg]
[static.tildacdn.com/tild6133-3437-4336-b765-646339356662/4_2.jpg]
[thb.tildacdn.com/tild6133-3437-4336-b765-646339356662/-/resizeb/20x/4_2.jpg]
[static.tildacdn.com/tild6366-6161-4036-b533-656636373935/5_4_1_1.png]
[thb.tildacdn.com/tild6366-6161-4036-b533-656636373935/-/resizeb/20x/5_4_1_1.png]
[static.tildacdn.com/tild6661-3930-4234-b261-343763313336/5_4_1_2.png]
[thb.tildacdn.com/tild6661-3930-4234-b261-343763313336/-/resizeb/20x/5_4_1_2.png]
[static.tildacdn.com/tild3532-6565-4931-b534-313533316632/5_4_1_3.png]
[thb.tildacdn.com/tild3532-6565-4931-b534-313533316632/-/resizeb/20x/5_4_1_3.png]
[static.tildacdn.com/tild3438-3566-4536-a230-626162613936/5_4_1_4.png]
[thb.tildacdn.com/tild3438-3566-4536-a230-626162613936/-/resizeb/20x/5_4_1_4.png]
[static.tildacdn.com/tild6632-3731-4534-a534-386666663836/5_4_1_5.png]
[thb.tildacdn.com/tild6632-3731-4534-a534-386666663836/-/resizeb/20x/5_4_1_5.png]
[static.tildacdn.com/tild6136-3964-4537-b062-323238313035/5_4_1_6.png]
[thb.tildacdn.com/tild6136-3964-4537-b062-323238313035/-/resizeb/20x/5_4_1_6.png]
[static.tildacdn.com/tild3366-3034-4136-b733-303064646166/5_4_1_7.png]
[thb.tildacdn.com/tild3366-3034-4136-b733-303064646166/-/resizeb/20x/5_4_1_7.png]
[static.tildacdn.com/tild3533-3831-4236-a562-353635646636/5_4_1_8.png]
[thb.tildacdn.com/tild3533-3831-4236-a562-353635646636/-/resizeb/20x/5_4_1_8.png]
[static.tildacdn.com/tild3261-3333-4662-a439-336534386562/5_4_1_9.png]
[thb.tildacdn.com/tild3261-3333-4662-a439-336534386562/-/resizeb/20x/5_4_1_9.png]
[static.tildacdn.com/tild3037-3962-4561-a134-343334616462/5_4_1_10.png]
[thb.tildacdn.com/tild3037-3962-4561-a134-343334616462/-/resizeb/20x/5_4_1_10.png]
[static.tildacdn.com/tild6339-6136-4935-a466-353863363834/5_4_1_11.png]
[thb.tildacdn.com/tild6339-6136-4935-a466-353863363834/-/resizeb/20x/5_4_1_11.png]
[dubaiplatinumyachts.com/platinum63en.html]
[thb.tildacdn.com/tild6664-6633-4132-a238-616332323833/-/resize/504x/IMG_7556_1.jpg]
[static.tildacdn.com/ws/project4123144/tilda-blocks-page60627695.min1ded.css]
[static.tildacdn.com/ws/project4123144/tilda-blocks-page60627695.min1ded.js]
[static.tildacdn.com/tild6664-6633-4132-a238-616332323833/IMG_7556_1.jpg]
[thb.tildacdn.com/tild6664-6633-4132-a238-616332323833/-/resizeb/20x/IMG_7556_1.jpg]
[static.tildacdn.com/tild6432-3038-4263-a433-303537653662/IMG_7557_1.jpg]
[thb.tildacdn.com/tild6432-3038-4263-a433-303537653662/-/resizeb/20x/IMG_7557_1.jpg]
[static.tildacdn.com/tild3136-3732-4633-a263-363563363236/IMG_7558_2.jpg]
[thb.tildacdn.com/tild3136-3732-4633-a263-363563363236/-/resizeb/20x/IMG_7558_2.jpg]
[static.tildacdn.com/tild6633-3735-4235-a133-643436653532/IMG_7559_1.jpg]
[thb.tildacdn.com/tild6633-3735-4235-a133-643436653532/-/resizeb/20x/IMG_7559_1.jpg]
[static.tildacdn.com/tild6230-6536-4165-b162-323165373161/IMG_7560_1.jpg]
[thb.tildacdn.com/tild6230-6536-4165-b162-323165373161/-/resizeb/20x/IMG_7560_1.jpg]
[static.tildacdn.com/tild3966-3130-4238-a635-323239643231/IMG_7561_1.jpg]
[thb.tildacdn.com/tild3966-3130-4238-a635-323239643231/-/resizeb/20x/IMG_7561_1.jpg]
[static.tildacdn.com/tild3062-3131-4463-b764-353938343134/IMG_7562.jpg]
[thb.tildacdn.com/tild3062-3131-4463-b764-353938343134/-/resizeb/20x/IMG_7562.jpg]
[static.tildacdn.com/tild6639-6136-4664-b739-613039356635/IMG_7564_2.jpg]
[thb.tildacdn.com/tild6639-6136-4664-b739-613039356635/-/resizeb/20x/IMG_7564_2.jpg]
[static.tildacdn.com/tild6135-3638-4464-a236-623863643662/IMG_7565_1.jpg]
[thb.tildacdn.com/tild6135-3638-4464-a236-623863643662/-/resizeb/20x/IMG_7565_1.jpg]
[static.tildacdn.com/tild3033-6461-4635-a466-316231346335/IMG_7566_2.jpg]
[thb.tildacdn.com/tild3033-6461-4635-a466-316231346335/-/resizeb/20x/IMG_7566_2.jpg]
[dubaiplatinumyachts.com/platinum66en.html]
[thb.tildacdn.com/tild6561-6534-4365-a238-343939636139/-/resize/504x/01.jpg]
[static.tildacdn.com/ws/project4123144/tilda-blocks-page60628867.min1ded.css]
[static.tildacdn.com/ws/project4123144/tilda-blocks-page60628867.min1ded.js]
[dubaiplatinumyachts.com/platinum40https_/project4123144.tilda.ws/platinum67]
[static.tildacdn.com/tild6561-6534-4365-a238-343939636139/01.jpg]
[thb.tildacdn.com/tild6561-6534-4365-a238-343939636139/-/resizeb/20x/01.jpg]
[static.tildacdn.com/tild6630-6634-4831-b434-643734353833/02.jpg]
[thb.tildacdn.com/tild6630-6634-4831-b434-643734353833/-/resizeb/20x/02.jpg]
[static.tildacdn.com/tild6233-3231-4234-b166-636138323662/03.jpg]
[thb.tildacdn.com/tild6233-3231-4234-b166-636138323662/-/resizeb/20x/03.jpg]
[static.tildacdn.com/tild3839-3463-4537-b733-363762303535/04.jpg]
[thb.tildacdn.com/tild3839-3463-4537-b733-363762303535/-/resizeb/20x/04.jpg]
[static.tildacdn.com/tild6466-6135-4335-b430-663733653665/05.jpg]
[thb.tildacdn.com/tild6466-6135-4335-b430-663733653665/-/resizeb/20x/05.jpg]
[static.tildacdn.com/tild6562-3962-4235-b230-646639363132/06.jpg]
[thb.tildacdn.com/tild6562-3962-4235-b230-646639363132/-/resizeb/20x/06.jpg]
[static.tildacdn.com/tild6232-6339-4234-b631-626564656639/07.jpg]
[thb.tildacdn.com/tild6232-6339-4234-b631-626564656639/-/resizeb/20x/07.jpg]
[static.tildacdn.com/tild3865-6130-4932-b462-393366636433/08.jpg]
[thb.tildacdn.com/tild3865-6130-4932-b462-393366636433/-/resizeb/20x/08.jpg]
[static.tildacdn.com/tild3165-6533-4163-b365-313061303434/09.jpg]
[thb.tildacdn.com/tild3165-6533-4163-b365-313061303434/-/resizeb/20x/09.jpg]
[static.tildacdn.com/tild6239-3262-4336-b533-666361623535/10.jpg]
[thb.tildacdn.com/tild6239-3262-4336-b533-666361623535/-/resizeb/20x/10.jpg]
[static.tildacdn.com/tild3933-3333-4837-b165-386338333433/11.jpg]
[thb.tildacdn.com/tild3933-3333-4837-b165-386338333433/-/resizeb/20x/11.jpg]
[static.tildacdn.com/tild3165-3961-4337-b261-636535313734/12.jpg]
[thb.tildacdn.com/tild3165-3961-4337-b261-636535313734/-/resizeb/20x/12.jpg]
[static.tildacdn.com/tild6431-3735-4935-b466-383064323536/13.jpg]
[thb.tildacdn.com/tild6431-3735-4935-b466-383064323536/-/resizeb/20x/13.jpg]
[static.tildacdn.com/tild3739-6166-4836-a661-353231316634/14.jpg]
[thb.tildacdn.com/tild3739-6166-4836-a661-353231316634/-/resizeb/20x/14.jpg]
[static.tildacdn.com/tild3465-3230-4462-a538-643162363665/15.jpg]
[thb.tildacdn.com/tild3465-3230-4462-a538-643162363665/-/resizeb/20x/15.jpg]
[static.tildacdn.com/tild3063-6236-4332-a561-363666356261/16.jpg]
[thb.tildacdn.com/tild3063-6236-4332-a561-363666356261/-/resizeb/20x/16.jpg]
[static.tildacdn.com/tild6336-6362-4132-a531-303765303736/17.jpg]
[thb.tildacdn.com/tild6336-6362-4132-a531-303765303736/-/resizeb/20x/17.jpg]
[dubaiplatinumyachts.com/platinum67en.html]
[thb.tildacdn.com/tild6338-6435-4232-a231-343039386564/-/resize/504x/IMG_7884_2.jpg]
[static.tildacdn.com/ws/project4123144/tilda-blocks-page60630315.min1ded.css]
[static.tildacdn.com/ws/project4123144/tilda-blocks-page60630315.min1ded.js]
[static.tildacdn.com/tild6338-6435-4232-a231-343039386564/IMG_7884_2.jpg]
[thb.tildacdn.com/tild6338-6435-4232-a231-343039386564/-/resizeb/20x/IMG_7884_2.jpg]
[static.tildacdn.com/tild3261-3731-4464-b537-663366316561/IMG_7885_1.jpg]
[thb.tildacdn.com/tild3261-3731-4464-b537-663366316561/-/resizeb/20x/IMG_7885_1.jpg]
[static.tildacdn.com/tild3265-3362-4064-b934-656565363437/IMG_7886.jpg]
[thb.tildacdn.com/tild3265-3362-4064-b934-656565363437/-/resizeb/20x/IMG_7886.jpg]
[static.tildacdn.com/tild3136-3031-4661-b737-336261396531/IMG_7888.jpg]
[thb.tildacdn.com/tild3136-3031-4661-b737-336261396531/-/resizeb/20x/IMG_7888.jpg]
[static.tildacdn.com/tild3765-6565-4530-a433-323133633163/IMG_7889.jpg]
[thb.tildacdn.com/tild3765-6565-4530-a433-323133633163/-/resizeb/20x/IMG_7889.jpg]
[static.tildacdn.com/tild6131-6138-4263-b432-396365633535/IMG_7890.jpg]
[thb.tildacdn.com/tild6131-6138-4263-b432-396365633535/-/resizeb/20x/IMG_7890.jpg]
[static.tildacdn.com/tild3033-3066-4633-a636-333965316332/IMG_7891.jpg]
[thb.tildacdn.com/tild3033-3066-4633-a636-333965316332/-/resizeb/20x/IMG_7891.jpg]
[static.tildacdn.com/tild3334-3561-4464-a361-303837666438/IMG_7892.jpg]
[thb.tildacdn.com/tild3334-3561-4464-a361-303837666438/-/resizeb/20x/IMG_7892.jpg]
[static.tildacdn.com/tild6334-3932-4663-b130-333665313031/IMG_7893.jpg]
[thb.tildacdn.com/tild6334-3932-4663-b130-333665313031/-/resizeb/20x/IMG_7893.jpg]
[dubaiplatinumyachts.com/platinum70sen.html]
[thb.tildacdn.com/tild6166-3433-4163-a134-346564656532/-/resize/504x/02_1.jpg]
[static.tildacdn.com/ws/project4123144/tilda-blocks-page60644337.mind13c.css]
[static.tildacdn.com/ws/project4123144/tilda-blocks-page60644337.mind13c.js]
[static.tildacdn.com/tild6166-3433-4163-a134-346564656532/02_1.jpg]
[thb.tildacdn.com/tild6166-3433-4163-a134-346564656532/-/resizeb/20x/02_1.jpg]
[static.tildacdn.com/tild6563-3938-4532-b836-323732393234/01_1.jpg]
[thb.tildacdn.com/tild6563-3938-4532-b836-323732393234/-/resizeb/20x/01_1.jpg]
[static.tildacdn.com/tild3266-6463-4065-b136-396237616339/03_6.jpg]
[thb.tildacdn.com/tild3266-6463-4065-b136-396237616339/-/resizeb/20x/03_6.jpg]
[static.tildacdn.com/tild3431-3265-4235-b436-396630613338/05_5.jpg]
[thb.tildacdn.com/tild3431-3265-4235-b436-396630613338/-/resizeb/20x/05_5.jpg]
[static.tildacdn.com/tild6133-3034-4438-b638-623934383637/07.jpg]
[thb.tildacdn.com/tild6133-3034-4438-b638-623934383637/-/resizeb/20x/07.jpg]
[static.tildacdn.com/tild3333-6531-4933-a466-313230616231/08.jpg]
[thb.tildacdn.com/tild3333-6531-4933-a466-313230616231/-/resizeb/20x/08.jpg]
[static.tildacdn.com/tild6565-3735-4339-a165-383339643865/10_1.jpg]
[thb.tildacdn.com/tild6565-3735-4339-a165-383339643865/-/resizeb/20x/10_1.jpg]
[static.tildacdn.com/tild6533-3161-4234-b233-363763616161/12_1.jpg]
[thb.tildacdn.com/tild6533-3161-4234-b233-363763616161/-/resizeb/20x/12_1.jpg]
[static.tildacdn.com/tild3537-3666-4262-b537-653036303133/13_4.jpg]
[thb.tildacdn.com/tild3537-3666-4262-b537-653036303133/-/resizeb/20x/13_4.jpg]
[static.tildacdn.com/tild3765-6166-4861-a436-363561306332/14_2.jpg]
[thb.tildacdn.com/tild3765-6166-4861-a436-363561306332/-/resizeb/20x/14_2.jpg]
[static.tildacdn.com/tild3463-3061-4539-b365-633861376131/15_2.jpg]
[thb.tildacdn.com/tild3463-3061-4539-b365-633861376131/-/resizeb/20x/15_2.jpg]
[static.tildacdn.com/tild3532-6637-4032-b564-646538393132/17_2.jpg]
[thb.tildacdn.com/tild3532-6637-4032-b564-646538393132/-/resizeb/20x/17_2.jpg]
[dubaiplatinumyachts.com/platinum78en.html]
[thb.tildacdn.com/tild3634-6361-4164-b337-353132383263/-/resize/504x/IMG_7640.jpg]
[static.tildacdn.com/ws/project4123144/tilda-blocks-page60658167.mind13c.css]
[static.tildacdn.com/ws/project4123144/tilda-blocks-page60658167.mind13c.js]
[dubaiplatinumyachts.com/platinum82matrixen]
[static.tildacdn.com/tild3634-6361-4164-b337-353132383263/IMG_7640.jpg]
[thb.tildacdn.com/tild3634-6361-4164-b337-353132383263/-/resizeb/20x/IMG_7640.jpg]
[static.tildacdn.com/tild3431-3931-4032-b632-366164363939/IMG_7641_1.jpg]
[thb.tildacdn.com/tild3431-3931-4032-b632-366164363939/-/resizeb/20x/IMG_7641_1.jpg]
[static.tildacdn.com/tild3230-3732-4364-b733-663137373738/IMG_7642.jpg]
[thb.tildacdn.com/tild3230-3732-4364-b733-663137373738/-/resizeb/20x/IMG_7642.jpg]
[static.tildacdn.com/tild3339-6661-4263-b733-386134353236/IMG_7643_2.jpg]
[thb.tildacdn.com/tild3339-6661-4263-b733-386134353236/-/resizeb/20x/IMG_7643_2.jpg]
[static.tildacdn.com/tild3065-3438-4662-b266-356336316664/IMG_7644_2.jpg]
[thb.tildacdn.com/tild3065-3438-4662-b266-356336316664/-/resizeb/20x/IMG_7644_2.jpg]
[static.tildacdn.com/tild3538-6666-4962-b838-643964313436/IMG_7645.jpg]
[thb.tildacdn.com/tild3538-6666-4962-b838-643964313436/-/resizeb/20x/IMG_7645.jpg]
[static.tildacdn.com/tild3163-3664-4334-b466-333230316131/IMG_7647_2.jpg]
[thb.tildacdn.com/tild3163-3664-4334-b466-333230316131/-/resizeb/20x/IMG_7647_2.jpg]
[static.tildacdn.com/tild3432-6331-4535-b264-326264323865/IMG_7648.jpg]
[thb.tildacdn.com/tild3432-6331-4535-b264-326264323865/-/resizeb/20x/IMG_7648.jpg]
[static.tildacdn.com/tild3230-3362-4233-a239-326639616434/IMG_7649.jpg]
[thb.tildacdn.com/tild3230-3362-4233-a239-326639616434/-/resizeb/20x/IMG_7649.jpg]
[dubaiplatinumyachts.com/platinum82men.html]
[thb.tildacdn.com/tild3038-3937-4537-b732-626130616130/-/resize/504x/photo_2024-12-15_164.jpg]
[static.tildacdn.com/ws/project4123144/tilda-blocks-page60658253.mind13c.css]
[static.tildacdn.com/ws/project4123144/tilda-blocks-page60658253.mind13c.js]
[static.tildacdn.com/tild3038-3937-4537-b732-626130616130/photo_2024-12-15_164.jpg]
[thb.tildacdn.com/tild3038-3937-4537-b732-626130616130/-/resizeb/20x/photo_2024-12-15_164.jpg]
[static.tildacdn.com/tild6361-6633-4839-b339-393461653135/photo_2024-12-15_164.jpg]
[thb.tildacdn.com/tild6361-6633-4839-b339-393461653135/-/resizeb/20x/photo_2024-12-15_164.jpg]
[static.tildacdn.com/tild3733-6161-4564-a366-363237623166/photo_2024-12-15_164.jpg]
[thb.tildacdn.com/tild3733-6161-4564-a366-363237623166/-/resizeb/20x/photo_2024-12-15_164.jpg]
[static.tildacdn.com/tild3033-3064-4130-a437-656535376164/photo_2024-12-15_164.jpg]
[thb.tildacdn.com/tild3033-3064-4130-a437-656535376164/-/resizeb/20x/photo_2024-12-15_164.jpg]
[static.tildacdn.com/tild6639-3436-4032-a438-616532326333/photo_2024-12-15_164.jpg]
[thb.tildacdn.com/tild6639-3436-4032-a438-616532326333/-/resizeb/20x/photo_2024-12-15_164.jpg]
[static.tildacdn.com/tild3631-6539-4535-b761-353634333765/photo_2024-12-15_164.jpg]
[thb.tildacdn.com/tild3631-6539-4535-b761-353634333765/-/resizeb/20x/photo_2024-12-15_164.jpg]
[static.tildacdn.com/tild3365-3534-4633-b537-383363336162/photo_2024-12-15_164.jpg]
[thb.tildacdn.com/tild3365-3534-4633-b537-383363336162/-/resizeb/20x/photo_2024-12-15_164.jpg]
[static.tildacdn.com/tild3566-6238-4263-a534-653034376333/photo_2024-12-15_164.jpg]
[thb.tildacdn.com/tild3566-6238-4263-a534-653034376333/-/resizeb/20x/photo_2024-12-15_164.jpg]
[static.tildacdn.com/tild3338-3939-4939-b962-356237326234/photo_2024-12-15_164.jpg]
[thb.tildacdn.com/tild3338-3939-4939-b962-356237326234/-/resizeb/20x/photo_2024-12-15_164.jpg]
[static.tildacdn.com/tild3162-6461-4231-b838-386236393438/photo_2024-12-15_164.jpg]
[thb.tildacdn.com/tild3162-6461-4231-b838-386236393438/-/resizeb/20x/photo_2024-12-15_164.jpg]
[static.tildacdn.com/tild6563-3365-4632-b935-636364656233/photo_2024-12-15_164.jpg]
[thb.tildacdn.com/tild6563-3365-4632-b935-636364656233/-/resizeb/20x/photo_2024-12-15_164.jpg]
[static.tildacdn.com/tild6339-3330-4532-a434-613532393735/photo_2024-12-15_164.jpg]
[thb.tildacdn.com/tild6339-3330-4532-a434-613532393735/-/resizeb/20x/photo_2024-12-15_164.jpg]
[static.tildacdn.com/tild3036-6333-4262-a237-613963346630/photo_2024-12-15_164.jpg]
[thb.tildacdn.com/tild3036-6333-4262-a237-613963346630/-/resizeb/20x/photo_2024-12-15_164.jpg]
[static.tildacdn.com/tild3332-6264-4566-a364-316234366536/photo_2024-12-15_164.jpg]
[thb.tildacdn.com/tild3332-6264-4566-a364-316234366536/-/resizeb/20x/photo_2024-12-15_164.jpg]
[static.tildacdn.com/tild3837-3838-4538-b436-663061373535/photo_2024-12-15_164.jpg]
[thb.tildacdn.com/tild3837-3838-4538-b436-663061373535/-/resizeb/20x/photo_2024-12-15_164.jpg]
[static.tildacdn.com/tild3130-3364-4831-b537-306535313464/photo_2024-12-15_164.jpg]
[thb.tildacdn.com/tild3130-3364-4831-b537-306535313464/-/resizeb/20x/photo_2024-12-15_164.jpg]
[static.tildacdn.com/tild3739-6135-4363-a164-643761393034/photo_2024-12-15_164.jpg]
[thb.tildacdn.com/tild3739-6135-4363-a164-643761393034/-/resizeb/20x/photo_2024-12-15_164.jpg]
[static.tildacdn.com/tild3830-3735-4463-b630-376239633630/photo_2024-12-15_164.jpg]
[thb.tildacdn.com/tild3830-3735-4463-b630-376239633630/-/resizeb/20x/photo_2024-12-15_164.jpg]
[static.tildacdn.com/tild3931-3966-4137-a161-613234316361/photo_2024-12-15_164.jpg]
[thb.tildacdn.com/tild3931-3966-4137-a161-613234316361/-/resizeb/20x/photo_2024-12-15_164.jpg]
[static.tildacdn.com/tild6662-3730-4866-a162-343235316130/photo_2024-12-15_164.jpg]
[thb.tildacdn.com/tild6662-3730-4866-a162-343235316130/-/resizeb/20x/photo_2024-12-15_164.jpg]
[static.tildacdn.com/tild6564-3563-4762-a464-336631633237/photo_2024-12-15_164.jpg]
[thb.tildacdn.com/tild6564-3563-4762-a464-336631633237/-/resizeb/20x/photo_2024-12-15_164.jpg]
[static.tildacdn.com/tild3330-3062-4336-a465-353031613064/photo_2024-12-15_164.jpg]
[thb.tildacdn.com/tild3330-3062-4336-a465-353031613064/-/resizeb/20x/photo_2024-12-15_164.jpg]
[dubaiplatinumyachts.com/platinum85annaen.html]
[thb.tildacdn.com/tild3934-3530-4536-b265-643232356430/-/resize/504x/IMG_7449_1.jpg]
[static.tildacdn.com/ws/project4123144/tilda-blocks-page60658347.mind13c.css]
[static.tildacdn.com/ws/project4123144/tilda-blocks-page60658347.mind13c.js]
[dubaiplatinumyachts.com/platinum88aen]
[static.tildacdn.com/tild3934-3530-4536-b265-643232356430/IMG_7449_1.jpg]
[thb.tildacdn.com/tild3934-3530-4536-b265-643232356430/-/resizeb/20x/IMG_7449_1.jpg]
[static.tildacdn.com/tild6439-6538-4662-a235-623566663962/IMG_7450.jpg]
[thb.tildacdn.com/tild6439-6538-4662-a235-623566663962/-/resizeb/20x/IMG_7450.jpg]
[static.tildacdn.com/tild3236-3031-4361-b061-356135656365/IMG_7451.jpg]
[thb.tildacdn.com/tild3236-3031-4361-b061-356135656365/-/resizeb/20x/IMG_7451.jpg]
[static.tildacdn.com/tild3831-6232-4732-b634-333133306439/IMG_7452_1.jpg]
[thb.tildacdn.com/tild3831-6232-4732-b634-333133306439/-/resizeb/20x/IMG_7452_1.jpg]
[static.tildacdn.com/tild3566-3261-4537-b937-663265343065/IMG_7453_2.jpg]
[thb.tildacdn.com/tild3566-3261-4537-b937-663265343065/-/resizeb/20x/IMG_7453_2.jpg]
[static.tildacdn.com/tild3934-3030-4333-a235-366233623337/IMG_7454.jpg]
[thb.tildacdn.com/tild3934-3030-4333-a235-366233623337/-/resizeb/20x/IMG_7454.jpg]
[static.tildacdn.com/tild3031-3738-4363-b436-613136313636/IMG_7455.jpg]
[thb.tildacdn.com/tild3031-3738-4363-b436-613136313636/-/resizeb/20x/IMG_7455.jpg]
[static.tildacdn.com/tild3865-6330-4935-b035-373436393162/IMG_7456.jpg]
[thb.tildacdn.com/tild3865-6330-4935-b035-373436393162/-/resizeb/20x/IMG_7456.jpg]
[static.tildacdn.com/tild3261-6632-4336-b939-623830663263/IMG_7472.jpg]
[thb.tildacdn.com/tild3261-6632-4336-b939-623830663263/-/resizeb/20x/IMG_7472.jpg]
[dubaiplatinumyachts.com/platinum882en.html]
[thb.tildacdn.com/tild3136-3234-4330-b961-333931613630/-/resize/504x/photo.jpg]
[static.tildacdn.com/ws/project4123144/tilda-blocks-page60658479.mind13c.css]
[static.tildacdn.com/ws/project4123144/tilda-blocks-page60658479.mind13c.js]
[static.tildacdn.com/tild3136-3234-4330-b961-333931613630/photo.jpg]
[thb.tildacdn.com/tild3136-3234-4330-b961-333931613630/-/resizeb/20x/photo.jpg]
[static.tildacdn.com/tild3930-3263-4633-b334-336565386363/2.jpg]
[thb.tildacdn.com/tild3930-3263-4633-b334-336565386363/-/resizeb/20x/2.jpg]
[static.tildacdn.com/tild3666-6262-4130-a132-396238373830/3.jpg]
[thb.tildacdn.com/tild3666-6262-4130-a132-396238373830/-/resizeb/20x/3.jpg]
[static.tildacdn.com/tild3561-3635-4234-b232-356232633531/4.jpg]
[thb.tildacdn.com/tild3561-3635-4234-b232-356232633531/-/resizeb/20x/4.jpg]
[static.tildacdn.com/tild3932-3665-4533-a534-643731643639/24.jpg]
[thb.tildacdn.com/tild3932-3665-4533-a534-643731643639/-/resizeb/20x/24.jpg]
[static.tildacdn.com/tild6635-6332-4864-a235-313864623335/5.jpg]
[thb.tildacdn.com/tild6635-6332-4864-a235-313864623335/-/resizeb/20x/5.jpg]
[static.tildacdn.com/tild6438-3661-4137-a365-346463636162/6.jpg]
[thb.tildacdn.com/tild6438-3661-4137-a365-346463636162/-/resizeb/20x/6.jpg]
[static.tildacdn.com/tild3966-6136-4362-b331-653639383231/7.jpg]
[thb.tildacdn.com/tild3966-6136-4362-b331-653639383231/-/resizeb/20x/7.jpg]
[static.tildacdn.com/tild3765-3836-4436-a431-306236396366/8.jpg]
[thb.tildacdn.com/tild3765-3836-4436-a431-306236396366/-/resizeb/20x/8.jpg]
[static.tildacdn.com/tild6633-3730-4362-b637-373935643165/9.jpg]
[thb.tildacdn.com/tild6633-3730-4362-b637-373935643165/-/resizeb/20x/9.jpg]
[static.tildacdn.com/tild6535-3232-4136-b562-323938373737/10.jpg]
[thb.tildacdn.com/tild6535-3232-4136-b562-323938373737/-/resizeb/20x/10.jpg]
[static.tildacdn.com/tild3535-3764-4530-b135-373438633339/11.jpg]
[thb.tildacdn.com/tild3535-3764-4530-b135-373438633339/-/resizeb/20x/11.jpg]
[static.tildacdn.com/tild3936-3863-4265-a131-333064613663/12.jpg]
[thb.tildacdn.com/tild3936-3863-4265-a131-333064613663/-/resizeb/20x/12.jpg]
[static.tildacdn.com/tild3365-3265-4935-a537-643530353963/13.jpg]
[thb.tildacdn.com/tild3365-3265-4935-a537-643530353963/-/resizeb/20x/13.jpg]
[static.tildacdn.com/tild3434-3930-4763-a631-343032313631/14.jpg]
[thb.tildacdn.com/tild3434-3930-4763-a631-343032313631/-/resizeb/20x/14.jpg]
[static.tildacdn.com/tild3665-3531-4365-b066-623537393634/15.jpg]
[thb.tildacdn.com/tild3665-3531-4365-b066-623537393634/-/resizeb/20x/15.jpg]
[static.tildacdn.com/tild3738-3030-4663-a239-356239616635/16.jpg]
[thb.tildacdn.com/tild3738-3030-4663-a239-356239616635/-/resizeb/20x/16.jpg]
[static.tildacdn.com/tild6533-3038-4266-b231-393434346135/17.jpg]
[thb.tildacdn.com/tild6533-3038-4266-b231-393434346135/-/resizeb/20x/17.jpg]
[static.tildacdn.com/tild3139-3163-4637-a163-653932336230/18.jpg]
[thb.tildacdn.com/tild3139-3163-4637-a163-653932336230/-/resizeb/20x/18.jpg]
[static.tildacdn.com/tild6564-6264-4663-b232-383464663666/19.jpg]
[thb.tildacdn.com/tild6564-6264-4663-b232-383464663666/-/resizeb/20x/19.jpg]
[static.tildacdn.com/tild3939-3564-4839-b835-636336343936/20.jpg]
[thb.tildacdn.com/tild3939-3564-4839-b835-636336343936/-/resizeb/20x/20.jpg]
[static.tildacdn.com/tild3238-3065-4332-a534-303135373131/21.jpg]
[thb.tildacdn.com/tild3238-3065-4332-a534-303135373131/-/resizeb/20x/21.jpg]
[static.tildacdn.com/tild6663-3034-4363-b164-666363376661/22.jpg]
[thb.tildacdn.com/tild6663-3034-4363-b164-666363376661/-/resizeb/20x/22.jpg]
[static.tildacdn.com/tild6134-6630-4134-b833-343132396231/23.jpg]
[thb.tildacdn.com/tild6134-6630-4134-b833-343132396231/-/resizeb/20x/23.jpg]
[dubaiplatinumyachts.com/platinum95pen.html]
[static.tildacdn.com/tild3430-3639-4865-b537-663030346335/1_3.jpg]
[static.tildacdn.com/ws/project4123144/tilda-blocks-page64869883.min26c8.css]
[static.tildacdn.com/ws/project4123144/tilda-blocks-page64869883.min26c8.js]
[static.tildacdn.com/tild3865-3332-4635-b139-366163313266/1_3.jpg]
[thb.tildacdn.com/tild3865-3332-4635-b139-366163313266/-/resizeb/20x/1_3.jpg]
[static.tildacdn.com/tild6339-6339-4639-b030-303932366462/94.jpg]
[thb.tildacdn.com/tild6339-6339-4639-b030-303932366462/-/resizeb/20x/94.jpg]
[static.tildacdn.com/tild6331-6335-4766-b262-313738316366/2_3.jpg]
[thb.tildacdn.com/tild6331-6335-4766-b262-313738316366/-/resizeb/20x/2_3.jpg]
[static.tildacdn.com/tild3862-3064-4532-a530-663766613038/3_3.jpg]
[thb.tildacdn.com/tild3862-3064-4532-a530-663766613038/-/resizeb/20x/3_3.jpg]
[static.tildacdn.com/tild3863-3630-4762-a566-363261333933/4_3.jpg]
[thb.tildacdn.com/tild3863-3630-4762-a566-363261333933/-/resizeb/20x/4_3.jpg]
[static.tildacdn.com/tild6638-3238-4237-b137-373735626134/92.jpg]
[thb.tildacdn.com/tild6638-3238-4237-b137-373735626134/-/resizeb/20x/92.jpg]
[static.tildacdn.com/tild3530-3363-4133-b265-613063633131/5_2.jpg]
[thb.tildacdn.com/tild3530-3363-4133-b265-613063633131/-/resizeb/20x/5_2.jpg]
[static.tildacdn.com/tild3834-3665-4034-b437-313636356238/93.jpg]
[thb.tildacdn.com/tild3834-3665-4034-b437-313636356238/-/resizeb/20x/93.jpg]
[static.tildacdn.com/tild3433-3632-4462-a664-616338306234/91_2.jpg]
[thb.tildacdn.com/tild3433-3632-4462-a664-616338306234/-/resizeb/20x/91_2.jpg]
[static.tildacdn.com/tild3265-6234-4564-b630-333133386366/6.jpg]
[thb.tildacdn.com/tild3265-6234-4564-b630-333133386366/-/resizeb/20x/6.jpg]
[static.tildacdn.com/tild6632-6364-4061-a633-306661653132/7_2.jpg]
[thb.tildacdn.com/tild6632-6364-4061-a633-306661653132/-/resizeb/20x/7_2.jpg]
[static.tildacdn.com/tild6231-3961-4361-b739-623463356234/8_2.jpg]
[thb.tildacdn.com/tild6231-3961-4361-b739-623463356234/-/resizeb/20x/8_2.jpg]
[static.tildacdn.com/tild3431-6534-4861-b439-343666353066/9_2.jpg]
[thb.tildacdn.com/tild3431-6534-4861-b439-343666353066/-/resizeb/20x/9_2.jpg]
[static.tildacdn.com/tild6335-3835-4338-b535-326265346131/81.jpg]
[thb.tildacdn.com/tild6335-3835-4338-b535-326265346131/-/resizeb/20x/81.jpg]
[dubaiplatinumyachts.com/platinum96en.html]
[thb.tildacdn.com/tild3735-3463-4663-b730-623231623665/-/resize/504x/IMG_5914_1.jpg]
[static.tildacdn.com/ws/project4123144/tilda-blocks-page60598345.mind13c.css]
[static.tildacdn.com/ws/project4123144/tilda-blocks-page60598345.mind13c.js]
[dubaiplatinumyachts.com/platinum110en.html]
[static.tildacdn.com/tild3735-3463-4663-b730-623231623665/IMG_5914_1.jpg]
[thb.tildacdn.com/tild3735-3463-4663-b730-623231623665/-/resizeb/20x/IMG_5914_1.jpg]
[static.tildacdn.com/tild6634-3366-4938-a139-663736316631/IMG_5934.jpg]
[thb.tildacdn.com/tild6634-3366-4938-a139-663736316631/-/resizeb/20x/IMG_5934.jpg]
[static.tildacdn.com/tild3030-6433-4436-b335-663237376534/IMG_5915.jpg]
[thb.tildacdn.com/tild3030-6433-4436-b335-663237376534/-/resizeb/20x/IMG_5915.jpg]
[static.tildacdn.com/tild6566-3662-4533-b733-666262306662/IMG_5916.jpg]
[thb.tildacdn.com/tild6566-3662-4533-b733-666262306662/-/resizeb/20x/IMG_5916.jpg]
[static.tildacdn.com/tild6633-3961-4238-b962-333137373038/IMG_5918.jpg]
[thb.tildacdn.com/tild6633-3961-4238-b962-333137373038/-/resizeb/20x/IMG_5918.jpg]
[static.tildacdn.com/tild3964-3438-4339-b432-616165646639/IMG_5919_1.jpg]
[thb.tildacdn.com/tild3964-3438-4339-b432-616165646639/-/resizeb/20x/IMG_5919_1.jpg]
[static.tildacdn.com/tild6562-3131-4264-b639-613535323239/IMG_5920.jpg]
[thb.tildacdn.com/tild6562-3131-4264-b639-613535323239/-/resizeb/20x/IMG_5920.jpg]
[static.tildacdn.com/tild3164-6332-4537-b130-666530343662/IMG_5921_1.jpg]
[thb.tildacdn.com/tild3164-6332-4537-b130-666530343662/-/resizeb/20x/IMG_5921_1.jpg]
[static.tildacdn.com/tild3032-3538-4636-b861-316432306466/IMG_5927_1.jpg]
[thb.tildacdn.com/tild3032-3538-4636-b861-316432306466/-/resizeb/20x/IMG_5927_1.jpg]
[static.tildacdn.com/tild6331-3237-4334-a137-666661333830/IMG_5928.jpg]
[thb.tildacdn.com/tild6331-3237-4334-a137-666661333830/-/resizeb/20x/IMG_5928.jpg]
[dubaiplatinumyachts.com/platinum110.html]
[static.tildacdn.com/ws/project4123144/tilda-blocks-page61802417.min50c4.css]
[static.tildacdn.com/css/tilda-slds-1.4.min.css]
[static.tildacdn.com/css/tilda-zero-gallery-1.0.min.css]
[thb.tildacdn.com/tild3538-6332-4234-b431-636235393639/-/resize/504x/09.png]
[static.tildacdn.com/ws/project4123144/tilda-blocks-page60620445.min1ded.css]
[static.tildacdn.com/ws/project4123144/tilda-blocks-page60620445.min1ded.js]
[static.tildacdn.com/tild3538-6332-4234-b431-636235393639/09.png]
[thb.tildacdn.com/tild3538-6332-4234-b431-636235393639/-/resizeb/20x/09.png]
[static.tildacdn.com/tild6635-6338-4231-a339-393338386536/01.jpg]
[thb.tildacdn.com/tild6635-6338-4231-a339-393338386536/-/resizeb/20x/01.jpg]
[static.tildacdn.com/tild3736-3465-4936-b263-363965353335/02.png]
[thb.tildacdn.com/tild3736-3465-4936-b263-363965353335/-/resizeb/20x/02.png]
[static.tildacdn.com/tild3331-6533-4533-a463-333638623563/05.png]
[thb.tildacdn.com/tild3331-6533-4533-a463-333638623563/-/resizeb/20x/05.png]
[static.tildacdn.com/tild6530-6139-4238-b361-623166666231/08.png]
[thb.tildacdn.com/tild6530-6139-4238-b361-623166666231/-/resizeb/20x/08.png]
[static.tildacdn.com/tild3131-3865-4666-a539-323436343462/06.png]
[thb.tildacdn.com/tild3131-3865-4666-a539-323436343462/-/resizeb/20x/06.png]
[static.tildacdn.com/tild3630-3939-4738-a165-363165343662/04.png]
[thb.tildacdn.com/tild3630-3939-4738-a165-363165343662/-/resizeb/20x/04.png]
[static.tildacdn.com/tild3837-3330-4238-a330-303865346638/03.png]
[thb.tildacdn.com/tild3837-3330-4238-a330-303865346638/-/resizeb/20x/03.png]
[static.tildacdn.com/tild3635-3362-4432-b737-353239376465/07.png]
[thb.tildacdn.com/tild3635-3362-4432-b737-353239376465/-/resizeb/20x/07.png]
[static.tildacdn.com/tild6663-6632-4339-a661-396233316135/21_2.jpg]
[thb.tildacdn.com/tild6663-6632-4339-a661-396233316135/-/resizeb/20x/21_2.jpg]
[static.tildacdn.com/tild3663-6237-4561-a430-613633323361/23_1.jpg]
[thb.tildacdn.com/tild3663-6237-4561-a430-613633323361/-/resizeb/20x/23_1.jpg]
[static.tildacdn.com/tild3333-3536-4661-b561-313439303132/22_11zon.jpg]
[thb.tildacdn.com/tild3333-3536-4661-b561-313439303132/-/resizeb/20x/22_11zon.jpg]
[static.tildacdn.com/tild6535-3530-4231-a336-646334356162/24.jpg]
[thb.tildacdn.com/tild6535-3530-4231-a336-646334356162/-/resizeb/20x/24.jpg]
[static.tildacdn.com/tild3536-6536-4735-b736-386662333136/25.jpg]
[thb.tildacdn.com/tild3536-6536-4735-b736-386662333136/-/resizeb/20x/25.jpg]
[static.tildacdn.com/tild3363-3234-4134-a237-343731346464/26_11zon.jpg]
[thb.tildacdn.com/tild3363-3234-4134-a237-343731346464/-/resizeb/20x/26_11zon.jpg]
[static.tildacdn.com/tild3236-6264-4363-b531-663964376162/17.jpg]
[thb.tildacdn.com/tild3236-6264-4363-b531-663964376162/-/resizeb/20x/17.jpg]
[static.tildacdn.com/tild3264-6561-4632-b237-363164353465/10.png]
[thb.tildacdn.com/tild3264-6561-4632-b237-363164353465/-/resizeb/20x/10.png]
[static.tildacdn.com/tild6232-6430-4666-b063-353165653739/15_11zon.jpg]
[thb.tildacdn.com/tild6232-6430-4666-b063-353165653739/-/resizeb/20x/15_11zon.jpg]
[static.tildacdn.com/tild6136-6662-4436-b538-353763376132/14_11zon.jpg]
[thb.tildacdn.com/tild6136-6662-4436-b538-353763376132/-/resizeb/20x/14_11zon.jpg]
[static.tildacdn.com/tild6162-6138-4731-a364-363432356332/16_11zon.jpg]
[thb.tildacdn.com/tild6162-6138-4731-a364-363432356332/-/resizeb/20x/16_11zon.jpg]
[static.tildacdn.com/tild3066-3434-4238-b463-373630653136/12_11zon.jpg]
[thb.tildacdn.com/tild3066-3434-4238-b463-373630653136/-/resizeb/20x/12_11zon.jpg]
[static.tildacdn.com/tild6630-6334-4132-b961-646134353661/11_3.jpg]
[thb.tildacdn.com/tild6630-6334-4132-b961-646134353661/-/resizeb/20x/11_3.jpg]
[static.tildacdn.com/tild3266-3234-4465-a166-326338633563/13_11zon.jpg]
[thb.tildacdn.com/tild3266-3234-4465-a166-326338633563/-/resizeb/20x/13_11zon.jpg]
[static.tildacdn.com/tild6235-3865-4862-a134-323064666337/20.jpg]
[thb.tildacdn.com/tild6235-3865-4862-a134-323064666337/-/resizeb/20x/20.jpg]
[static.tildacdn.com/tild3763-6234-4034-b639-363666636434/18.jpg]
[thb.tildacdn.com/tild3763-6234-4034-b639-363666636434/-/resizeb/20x/18.jpg]
[static.tildacdn.com/tild3938-6233-4934-b436-363638326164/19.jpg]
[thb.tildacdn.com/tild3938-6233-4934-b436-363638326164/-/resizeb/20x/19.jpg]
[dubaiplatinumyachts.com/platinum68en.html]
[thb.tildacdn.com/tild3432-6133-4562-b234-653965623364/-/resize/504x/IMG_7761_1.jpg]
[static.tildacdn.com/ws/project4123144/tilda-blocks-page60605305.min50c4.css]
[static.tildacdn.com/ws/project4123144/tilda-blocks-page60605305.min50c4.js]
[static.tildacdn.com/tild3432-6133-4562-b234-653965623364/IMG_7761_1.jpg]
[thb.tildacdn.com/tild3432-6133-4562-b234-653965623364/-/resizeb/20x/IMG_7761_1.jpg]
[static.tildacdn.com/tild6362-3235-4933-a233-393166623161/IMG_7762.jpg]
[thb.tildacdn.com/tild6362-3235-4933-a233-393166623161/-/resizeb/20x/IMG_7762.jpg]
[static.tildacdn.com/tild3465-3063-4663-b238-353839633866/IMG_7763.jpg]
[thb.tildacdn.com/tild3465-3063-4663-b238-353839633866/-/resizeb/20x/IMG_7763.jpg]
[static.tildacdn.com/tild3031-6630-4134-b331-623263353337/IMG_7764.jpg]
[thb.tildacdn.com/tild3031-6630-4134-b331-623263353337/-/resizeb/20x/IMG_7764.jpg]
[static.tildacdn.com/tild3935-6165-4163-a637-353730396539/IMG_7765.jpg]
[thb.tildacdn.com/tild3935-6165-4163-a637-353730396539/-/resizeb/20x/IMG_7765.jpg]
[static.tildacdn.com/tild3037-6337-4136-b238-303666643638/IMG_7767.jpg]
[thb.tildacdn.com/tild3037-6337-4136-b238-303666643638/-/resizeb/20x/IMG_7767.jpg]
[static.tildacdn.com/tild6237-6662-4533-b739-626530306230/IMG_7770.jpg]
[thb.tildacdn.com/tild6237-6662-4533-b739-626530306230/-/resizeb/20x/IMG_7770.jpg]
[static.tildacdn.com/tild3935-3632-4435-b061-323437656335/photo.jpg]
[thb.tildacdn.com/tild3935-3632-4435-b061-323437656335/-/resizeb/20x/photo.jpg]
[dubaiplatinumyachts.com/platinum40en.html]
[thb.tildacdn.com/tild3763-3833-4037-b165-326164613566/-/resize/504x/1.jpg]
[static.tildacdn.com/ws/project4123144/tilda-blocks-page64863853.min26c8.css]
[static.tildacdn.com/ws/project4123144/tilda-blocks-page64863853.min26c8.js]
[static.tildacdn.com/tild3763-3833-4037-b165-326164613566/1.jpg]
[thb.tildacdn.com/tild3763-3833-4037-b165-326164613566/-/resizeb/20x/1.jpg]
[static.tildacdn.com/tild3730-6665-4232-b535-626339333636/5.jpg]
[thb.tildacdn.com/tild3730-6665-4232-b535-626339333636/-/resizeb/20x/5.jpg]
[static.tildacdn.com/tild3236-6632-4633-b138-363830333431/2.jpg]
[thb.tildacdn.com/tild3236-6632-4633-b138-363830333431/-/resizeb/20x/2.jpg]
[static.tildacdn.com/tild6565-6139-4431-a262-333732656262/3.jpg]
[thb.tildacdn.com/tild6565-6139-4431-a262-333732656262/-/resizeb/20x/3.jpg]
[static.tildacdn.com/tild6335-3363-4433-a332-373261326635/4.jpg]
[thb.tildacdn.com/tild6335-3363-4433-a332-373261326635/-/resizeb/20x/4.jpg]
[dubaiplatinumyachts.com/platinum42en.html]
[thb.tildacdn.com/tild6636-3332-4534-b965-353435633763/-/resize/504x/IMG_7529_1.jpg]
[static.tildacdn.com/ws/project4123144/tilda-blocks-page60605665.min50c4.css]
[static.tildacdn.com/ws/project4123144/tilda-blocks-page60605665.min50c4.js]
[static.tildacdn.com/tild6636-3332-4534-b965-353435633763/IMG_7529_1.jpg]
[thb.tildacdn.com/tild6636-3332-4534-b965-353435633763/-/resizeb/20x/IMG_7529_1.jpg]
[static.tildacdn.com/tild3065-6363-4135-a632-313633623665/IMG_7528.jpg]
[thb.tildacdn.com/tild3065-6363-4135-a632-313633623665/-/resizeb/20x/IMG_7528.jpg]
[static.tildacdn.com/tild6234-3134-4631-a237-653232616534/IMG_7530.jpg]
[thb.tildacdn.com/tild6234-3134-4631-a237-653232616534/-/resizeb/20x/IMG_7530.jpg]
[static.tildacdn.com/tild6537-3130-4338-a338-363561633831/IMG_7531_2.jpg]
[thb.tildacdn.com/tild6537-3130-4338-a338-363561633831/-/resizeb/20x/IMG_7531_2.jpg]
[static.tildacdn.com/tild3436-3261-4235-a564-393333623139/IMG_7532.jpg]
[thb.tildacdn.com/tild3436-3261-4235-a564-393333623139/-/resizeb/20x/IMG_7532.jpg]
[static.tildacdn.com/tild6235-6666-4039-b263-383663376130/IMG_7533.jpg]
[thb.tildacdn.com/tild6235-6666-4039-b263-383663376130/-/resizeb/20x/IMG_7533.jpg]
[static.tildacdn.com/tild6438-6336-4935-b236-343365303037/IMG_7541.jpg]
[thb.tildacdn.com/tild6438-6336-4935-b236-343365303037/-/resizeb/20x/IMG_7541.jpg]
[static.tildacdn.com/tild3036-6132-4066-a365-306238643866/IMG_7542.jpg]
[thb.tildacdn.com/tild3036-6132-4066-a365-306238643866/-/resizeb/20x/IMG_7542.jpg]
[static.tildacdn.com/tild6532-3534-4165-b434-333137363231/IMG_7543_1.jpg]
[thb.tildacdn.com/tild6532-3534-4165-b434-333137363231/-/resizeb/20x/IMG_7543_1.jpg]
[dubaiplatinumyachts.com/platinum43en.html]
[thb.tildacdn.com/tild6432-6633-4435-b630-623439653333/-/resize/504x/IMG_7535.jpg]
[static.tildacdn.com/ws/project4123144/tilda-blocks-page60618395.min50c4.css]
[static.tildacdn.com/ws/project4123144/tilda-blocks-page60618395.min50c4.js]
[static.tildacdn.com/tild6432-6633-4435-b630-623439653333/IMG_7535.jpg]
[thb.tildacdn.com/tild6432-6633-4435-b630-623439653333/-/resizeb/20x/IMG_7535.jpg]
[static.tildacdn.com/tild6331-3634-4664-b661-326231303334/IMG_7536.jpg]
[thb.tildacdn.com/tild6331-3634-4664-b661-326231303334/-/resizeb/20x/IMG_7536.jpg]
[static.tildacdn.com/tild3562-3033-4138-a464-323532303039/IMG_7537.jpg]
[thb.tildacdn.com/tild3562-3033-4138-a464-323532303039/-/resizeb/20x/IMG_7537.jpg]
[static.tildacdn.com/tild6237-6336-4564-b463-616434643435/IMG_7538.jpg]
[thb.tildacdn.com/tild6237-6336-4564-b463-616434643435/-/resizeb/20x/IMG_7538.jpg]
[static.tildacdn.com/tild6164-3034-4439-a134-623932663662/IMG_7539.jpg]
[thb.tildacdn.com/tild6164-3034-4439-a134-623932663662/-/resizeb/20x/IMG_7539.jpg]
[static.tildacdn.com/tild6566-3236-4833-b835-386632613032/IMG_7540.jpg]
[thb.tildacdn.com/tild6566-3236-4833-b835-386632613032/-/resizeb/20x/IMG_7540.jpg]
[dubaiplatinumyachts.com/platinum48en.html]
[thb.tildacdn.com/tild6362-3237-4336-b436-623238366366/-/resize/504x/IMG_7546.jpg]
[static.tildacdn.com/ws/project4123144/tilda-blocks-page60618861.min50c4.css]
[static.tildacdn.com/ws/project4123144/tilda-blocks-page60618861.min50c4.js]
[static.tildacdn.com/tild6362-3237-4336-b436-623238366366/IMG_7546.jpg]
[thb.tildacdn.com/tild6362-3237-4336-b436-623238366366/-/resizeb/20x/IMG_7546.jpg]
[static.tildacdn.com/tild3533-6232-4262-a131-323465613262/IMG_7545.jpg]
[thb.tildacdn.com/tild3533-6232-4262-a131-323465613262/-/resizeb/20x/IMG_7545.jpg]
[static.tildacdn.com/tild6538-6563-4665-b862-313430623339/IMG_7547.jpg]
[thb.tildacdn.com/tild6538-6563-4665-b862-313430623339/-/resizeb/20x/IMG_7547.jpg]
[static.tildacdn.com/tild3764-6562-4736-b737-303331323238/IMG_7548.jpg]
[thb.tildacdn.com/tild3764-6562-4736-b737-303331323238/-/resizeb/20x/IMG_7548.jpg]
[static.tildacdn.com/tild3832-6333-4364-b065-666134623433/IMG_7549.jpg]
[thb.tildacdn.com/tild3832-6333-4364-b065-666134623433/-/resizeb/20x/IMG_7549.jpg]
[dubaiplatinumyachts.com/platinum50en.html]
[thb.tildacdn.com/tild6235-3135-4630-b063-656531646363/-/resize/504x/IMG_7550.jpg]
[static.tildacdn.com/ws/project4123144/tilda-blocks-page60619419.min50c4.css]
[static.tildacdn.com/ws/project4123144/tilda-blocks-page60619419.min50c4.js]
[static.tildacdn.com/tild6235-3135-4630-b063-656531646363/IMG_7550.jpg]
[thb.tildacdn.com/tild6235-3135-4630-b063-656531646363/-/resizeb/20x/IMG_7550.jpg]
[static.tildacdn.com/tild3734-6264-4165-a638-326364663338/IMG_7554.jpg]
[thb.tildacdn.com/tild3734-6264-4165-a638-326364663338/-/resizeb/20x/IMG_7554.jpg]
[static.tildacdn.com/tild3561-6463-4238-a638-383661333562/IMG_7552.jpg]
[thb.tildacdn.com/tild3561-6463-4238-a638-383661333562/-/resizeb/20x/IMG_7552.jpg]
[static.tildacdn.com/tild3561-3238-4133-a463-323761666366/IMG_7551.jpg]
[thb.tildacdn.com/tild3561-3238-4133-a463-323761666366/-/resizeb/20x/IMG_7551.jpg]
[static.tildacdn.com/tild3464-3939-4532-b931-626561613064/IMG_7553.jpg]
[thb.tildacdn.com/tild3464-3939-4532-b931-626561613064/-/resizeb/20x/IMG_7553.jpg]
[static.tildacdn.com/tild3939-3066-4263-b261-653432633737/IMG_7555.jpg]
[thb.tildacdn.com/tild3939-3066-4263-b261-653432633737/-/resizeb/20x/IMG_7555.jpg]
[dubaiplatinumyachts.com/platinum55en.html]
[thb.tildacdn.com/tild6334-6135-4130-b337-653665396335/-/resize/504x/IMG_7926.jpg]
[static.tildacdn.com/ws/project4123144/tilda-blocks-page60620933.min1ded.css]
[static.tildacdn.com/ws/project4123144/tilda-blocks-page60620933.min1ded.js]
[static.tildacdn.com/tild6334-6135-4130-b337-653665396335/IMG_7926.jpg]
[thb.tildacdn.com/tild6334-6135-4130-b337-653665396335/-/resizeb/20x/IMG_7926.jpg]
[static.tildacdn.com/tild6361-3131-4534-a332-663561616562/IMG_7927_2.jpg]
[thb.tildacdn.com/tild6361-3131-4534-a332-663561616562/-/resizeb/20x/IMG_7927_2.jpg]
[static.tildacdn.com/tild6136-3164-4935-a163-353865623465/IMG_7928.jpg]
[thb.tildacdn.com/tild6136-3164-4935-a163-353865623465/-/resizeb/20x/IMG_7928.jpg]
[static.tildacdn.com/tild3837-6662-4533-b730-393162333031/IMG_7929.jpg]
[thb.tildacdn.com/tild3837-6662-4533-b730-393162333031/-/resizeb/20x/IMG_7929.jpg]
[static.tildacdn.com/tild6337-6237-4364-b834-333337303566/IMG_7930_1.png]
[thb.tildacdn.com/tild6337-6237-4364-b834-333337303566/-/resizeb/20x/IMG_7930_1.png]
[static.tildacdn.com/tild6136-3330-4235-b732-373365323664/IMG_7931.jpg]
[thb.tildacdn.com/tild6136-3330-4235-b732-373365323664/-/resizeb/20x/IMG_7931.jpg]
[static.tildacdn.com/tild6432-3266-4230-b334-343262376364/IMG_7930.png]
[thb.tildacdn.com/tild6432-3266-4230-b334-343262376364/-/resizeb/20x/IMG_7930.png]
[static.tildacdn.com/tild3761-3461-4331-b333-636338623437/IMG_7933.jpg]
[thb.tildacdn.com/tild3761-3461-4331-b333-636338623437/-/resizeb/20x/IMG_7933.jpg]
[static.tildacdn.com/tild3137-6563-4534-b264-326139646439/IMG_7935.jpg]
[thb.tildacdn.com/tild3137-6563-4534-b264-326139646439/-/resizeb/20x/IMG_7935.jpg]
[static.tildacdn.com/tild6332-6637-4435-a237-646666333639/IMG_7936_1.jpg]
[thb.tildacdn.com/tild6332-6637-4435-a237-646666333639/-/resizeb/20x/IMG_7936_1.jpg]
[static.tildacdn.com/tild6536-3037-4232-b732-616635363631/IMG_7937_1.jpg]
[thb.tildacdn.com/tild6536-3037-4232-b732-616635363631/-/resizeb/20x/IMG_7937_1.jpg]
[dubaiplatinumyachts.com/platinum88en.html]
[thb.tildacdn.com/tild3132-3365-4936-a661-633136636439/-/resize/504x/IMG_7511.jpg]
[static.tildacdn.com/ws/project4123144/tilda-blocks-page60621661.min1ded.css]
[static.tildacdn.com/ws/project4123144/tilda-blocks-page60621661.min1ded.js]
[static.tildacdn.com/tild3132-3365-4936-a661-633136636439/IMG_7511.jpg]
[thb.tildacdn.com/tild3132-3365-4936-a661-633136636439/-/resizeb/20x/IMG_7511.jpg]
[static.tildacdn.com/tild3862-6330-4465-b162-643337366565/IMG_7513_1.jpg]
[thb.tildacdn.com/tild3862-6330-4465-b162-643337366565/-/resizeb/20x/IMG_7513_1.jpg]
[static.tildacdn.com/tild6462-6664-4638-b531-363761613666/IMG_7514.jpg]
[thb.tildacdn.com/tild6462-6664-4638-b531-363761613666/-/resizeb/20x/IMG_7514.jpg]
[static.tildacdn.com/tild6636-6139-4462-b638-373366656566/IMG_7515_1.jpg]
[thb.tildacdn.com/tild6636-6139-4462-b638-373366656566/-/resizeb/20x/IMG_7515_1.jpg]
[static.tildacdn.com/tild3261-6562-4461-a337-313363646465/IMG_7516_1.jpg]
[thb.tildacdn.com/tild3261-6562-4461-a337-313363646465/-/resizeb/20x/IMG_7516_1.jpg]
[static.tildacdn.com/tild3166-3438-4161-a239-376265623139/IMG_7517.jpg]
[thb.tildacdn.com/tild3166-3438-4161-a239-376265623139/-/resizeb/20x/IMG_7517.jpg]
[static.tildacdn.com/tild3239-3939-4734-a465-336136383766/IMG_7518.jpg]
[thb.tildacdn.com/tild3239-3939-4734-a465-336136383766/-/resizeb/20x/IMG_7518.jpg]
[static.tildacdn.com/tild6531-6438-4233-b133-623636323263/IMG_7519.jpg]
[thb.tildacdn.com/tild6531-6438-4233-b133-623636323263/-/resizeb/20x/IMG_7519.jpg]
[dubaiplatinumyachts.com/platinum90en.html]
[thb.tildacdn.com/tild3361-3364-4165-b163-366662306464/-/resize/504x/IMG_7914_2.jpg]
[static.tildacdn.com/ws/project4123144/tilda-blocks-page60623057.min1ded.css]
[static.tildacdn.com/ws/project4123144/tilda-blocks-page60623057.min1ded.js]
[static.tildacdn.com/tild3361-3364-4165-b163-366662306464/IMG_7914_2.jpg]
[thb.tildacdn.com/tild3361-3364-4165-b163-366662306464/-/resizeb/20x/IMG_7914_2.jpg]
[static.tildacdn.com/tild3634-3731-4566-a161-393733303361/IMG_7915_1.jpg]
[thb.tildacdn.com/tild3634-3731-4566-a161-393733303361/-/resizeb/20x/IMG_7915_1.jpg]
[static.tildacdn.com/tild6238-6438-4231-a436-346538663836/IMG_7916_1.jpg]
[thb.tildacdn.com/tild6238-6438-4231-a436-346538663836/-/resizeb/20x/IMG_7916_1.jpg]
[static.tildacdn.com/tild6535-3666-4535-b038-313663346266/IMG_7918_1.png]
[thb.tildacdn.com/tild6535-3666-4535-b038-313663346266/-/resizeb/20x/IMG_7918_1.png]
[static.tildacdn.com/tild6237-3235-4263-a433-316434373264/IMG_7919.jpg]
[thb.tildacdn.com/tild6237-3235-4263-a433-316434373264/-/resizeb/20x/IMG_7919.jpg]
[static.tildacdn.com/tild3837-3338-4739-a661-353735623233/IMG_7920.jpg]
[thb.tildacdn.com/tild3837-3338-4739-a661-353735623233/-/resizeb/20x/IMG_7920.jpg]
[static.tildacdn.com/tild3563-3137-4463-b737-373133653865/IMG_7921.jpg]
[thb.tildacdn.com/tild3563-3137-4463-b737-373133653865/-/resizeb/20x/IMG_7921.jpg]
[static.tildacdn.com/tild6332-3132-4430-a234-623736643230/IMG_7922_1.jpg]
[thb.tildacdn.com/tild6332-3132-4430-a234-623736643230/-/resizeb/20x/IMG_7922_1.jpg]
[static.tildacdn.com/tild3862-3332-4565-a433-386662333163/IMG_7923_1.jpg]
[thb.tildacdn.com/tild3862-3332-4565-a433-386662333163/-/resizeb/20x/IMG_7923_1.jpg]
[static.tildacdn.com/tild3664-6530-4564-a331-636639666163/IMG_7924.jpg]
[thb.tildacdn.com/tild3664-6530-4564-a331-636639666163/-/resizeb/20x/IMG_7924.jpg]
[static.tildacdn.com/tild3535-3664-4663-b632-653262356630/IMG_7925.jpg]
[thb.tildacdn.com/tild3535-3664-4663-b632-653262356630/-/resizeb/20x/IMG_7925.jpg]
[dubaiplatinumyachts.com/platinum95blacken.html]
[static.tildacdn.com/ws/project4123144/tilda-blocks-page61799823.min50c4.css]
[static.tildacdn.com/ws/project4123144/tilda-blocks-page60598647.mind13c.css]
[dubaiplatinumyachts.com/platinumsx88.html]
[static.tildacdn.com/ws/project4123144/tilda-blocks-page60598647.mind13c.js]
[static.tildacdn.com/tild6639-3834-4439-b964-353530306165/Riva_Diva_82_Brochur.png]
[static.tildacdn.com/ws/project4123144/tilda-blocks-page64870345.min26c8.css]
[dubaiplatinumyachts.com/platinum82riva.html]
[static.tildacdn.com/ws/project4123144/tilda-blocks-page64870345.min26c8.js]
[thb.tildacdn.com/tild6462-3931-4137-b234-313237313133/-/resize/504x/IMG_7218.jpg]
[static.tildacdn.com/ws/project4123144/tilda-blocks-page60599043.mind13c.css]
[dubaiplatinumyachts.com/platinum105.html]
[static.tildacdn.com/ws/project4123144/tilda-blocks-page60599043.mind13c.js]
[static.tildacdn.com/tild6233-6163-4538-b966-333537653934/1_5.jpg]
[static.tildacdn.com/ws/project4123144/tilda-blocks-page64870475.min26c8.css]
[static.tildacdn.com/ws/project4123144/tilda-blocks-page64870475.min26c8.js]
[dubaiplatinumyachts.com/platinum108.html]
[static.tildacdn.com/ws/project4123144/tilda-blocks-page60599209.mind13c.css]
[dubaiplatinumyachts.com/platinum116.html]
[static.tildacdn.com/ws/project4123144/tilda-blocks-page60599209.mind13c.js]
[static.tildacdn.com/tild6431-3762-4235-b530-636464653931/IMG_5037D6C422B3-1.jpg]
[static.tildacdn.com/ws/project4123144/tilda-blocks-page64870671.min26c8.css]
[dubaiplatinumyachts.com/platinum131.html]
[static.tildacdn.com/ws/project4123144/tilda-blocks-page64870671.min26c8.js]
[static.tildacdn.com/ws/project4123144/tilda-blocks-page60599665.mind13c.css]
[dubaiplatinumyachts.com/platinum135.html]
[static.tildacdn.com/ws/project4123144/tilda-blocks-page60599665.mind13c.js]
[static.tildacdn.com/tild6335-3535-4530-b963-373262616238/1_6.jpg]
[static.tildacdn.com/ws/project4123144/tilda-blocks-page64870983.min559b.css]
[dubaiplatinumyachts.com/platinum164t.html]
[static.tildacdn.com/ws/project4123144/tilda-blocks-page64870983.min559b.js]
[static.tildacdn.com/ws/project4123144/tilda-blocks-page60600397.min26c8.css]
[dubaiplatinumyachts.com/platinum165.html]
[static.tildacdn.com/ws/project4123144/tilda-blocks-page61799289.min50c4.css]
[static.tildacdn.com/ws/project4123144/tilda-blocks-page60600397.min26c8.js]
[static.tildacdn.com/ws/project4123144/tilda-blocks-page60591021.min1ded.css]
[dubaiplatinumyachts.com/platinum60.html]
[static.tildacdn.com/ws/project4123144/tilda-blocks-page60591021.min1ded.js]
[static.tildacdn.com/tild3766-6632-4635-a639-623265343839/1_2.jpg]
[static.tildacdn.com/ws/project4123144/tilda-blocks-page64869069.min26c8.css]
[dubaiplatinumyachts.com/platinum63.html]
[static.tildacdn.com/ws/project4123144/tilda-blocks-page64869069.min26c8.js]
[static.tildacdn.com/ws/project4123144/tilda-blocks-page60591755.min1ded.css]
[dubaiplatinumyachts.com/platinum66.html]
[static.tildacdn.com/ws/project4123144/tilda-blocks-page60591755.min1ded.js]
[static.tildacdn.com/ws/project4123144/tilda-blocks-page60592775.min1ded.css]
[dubaiplatinumyachts.com/platinum67.html]
[static.tildacdn.com/ws/project4123144/tilda-blocks-page60592775.min1ded.js]
[static.tildacdn.com/ws/project4123144/tilda-blocks-page60593113.min1ded.css]
[dubaiplatinumyachts.com/platinum70s.html]
[static.tildacdn.com/ws/project4123144/tilda-blocks-page60593113.min1ded.js]
[static.tildacdn.com/ws/project4123144/tilda-blocks-page60593383.min1ded.css]
[dubaiplatinumyachts.com/platinum78.html]
[static.tildacdn.com/ws/project4123144/tilda-blocks-page60593383.min1ded.js]
[static.tildacdn.com/ws/project4123144/tilda-blocks-page60593581.mind13c.css]
[dubaiplatinumyachts.com/platinum82matrix.html]
[static.tildacdn.com/ws/project4123144/tilda-blocks-page60593581.mind13c.js]
[static.tildacdn.com/ws/project4123144/tilda-blocks-page60594203.mind13c.css]
[dubaiplatinumyachts.com/platinum85anna.html]
[static.tildacdn.com/ws/project4123144/tilda-blocks-page60594203.mind13c.js]
[static.tildacdn.com/ws/project4123144/tilda-blocks-page60594351.mind13c.css]
[dubaiplatinumyachts.com/platinum88a.html]
[static.tildacdn.com/ws/project4123144/tilda-blocks-page60594351.mind13c.js]
[static.tildacdn.com/ws/project4123144/tilda-blocks-page60598061.mind13c.css]
[dubaiplatinumyachts.com/platinum95p.html]
[static.tildacdn.com/ws/project4123144/tilda-blocks-page60598061.mind13c.js]
[static.tildacdn.com/tild3930-6264-4265-a432-336535363137/1_3.jpg]
[static.tildacdn.com/ws/project4123144/tilda-blocks-page64869679.min26c8.css]
[dubaiplatinumyachts.com/platinum96.html]
[static.tildacdn.com/ws/project4123144/tilda-blocks-page61797845.min50c4.css]
[static.tildacdn.com/ws/project4123144/tilda-blocks-page64869679.min26c8.js]
[static.tildacdn.com/ws/project4123144/tilda-blocks-page60588653.min1ded.css]
[dubaiplatinumyachts.com/platinum68.html]
[static.tildacdn.com/ws/project4123144/tilda-blocks-page60588653.min1ded.js]
[static.tildacdn.com/ws/project4123144/tilda-blocks-page60568781.min50c4.css]
[dubaiplatinumyachts.com/platinum40.html]
[static.tildacdn.com/ws/project4123144/tilda-blocks-page60568781.min50c4.js]
[static.tildacdn.com/tild6635-3635-4230-b931-343132303337/1.jpg]
[static.tildacdn.com/ws/project4123144/tilda-blocks-page64863803.min26c8.css]
[dubaiplatinumyachts.com/platinum42.html]
[static.tildacdn.com/ws/project4123144/tilda-blocks-page64863803.min26c8.js]
[static.tildacdn.com/ws/project4123144/tilda-blocks-page60585983.min50c4.css]
[dubaiplatinumyachts.com/platinum43.html]
[static.tildacdn.com/ws/project4123144/tilda-blocks-page60585983.min50c4.js]
[static.tildacdn.com/ws/project4123144/tilda-blocks-page60586505.min50c4.css]
[dubaiplatinumyachts.com/platinum48.html]
[static.tildacdn.com/ws/project4123144/tilda-blocks-page60586505.min50c4.js]
[static.tildacdn.com/ws/project4123144/tilda-blocks-page60587097.min50c4.css]
[dubaiplatinumyachts.com/platinum50.html]
[static.tildacdn.com/ws/project4123144/tilda-blocks-page60587097.min50c4.js]
[static.tildacdn.com/ws/project4123144/tilda-blocks-page60588255.min50c4.css]
[dubaiplatinumyachts.com/platinum55.html]
[static.tildacdn.com/ws/project4123144/tilda-blocks-page60588255.min50c4.js]
[static.tildacdn.com/ws/project4123144/tilda-blocks-page60589115.min1ded.css]
[dubaiplatinumyachts.com/platinum88.html]
[static.tildacdn.com/ws/project4123144/tilda-blocks-page60589115.min1ded.js]
[static.tildacdn.com/ws/project4123144/tilda-blocks-page60589367.min1ded.css]
[dubaiplatinumyachts.com/platinum90.html]
[static.tildacdn.com/ws/project4123144/tilda-blocks-page60589367.min1ded.js]
[static.tildacdn.com/ws/project4123144/tilda-blocks-page60589655.min1ded.css]
[static.tildacdn.com/ws/project4123144/tilda-blocks-page60589655.min1ded.js]
[dubaiplatinumyachts.com/platinum95black.html]
[static.tildacdn.com/ws/project4123144/tilda-blocks-page60685971.mind13c.css]
[static.tildacdn.com/css/tilda-zoom-2.0.min.css]
[dubaiplatinumyachts.com/english/OPR/index.html]
[dubaiplatinumyachts.com/english/${bgImg}.470.delayed]
[dubaiplatinumyachts.com/english/index.html]
[static.tildacdn.com/ws/project4123144/tilda-blocks-page64870353.min26c8.css]
[static.tildacdn.com/ws/project4123144/tilda-blocks-page60686201.mind13c.css]
[static.tildacdn.com/ws/project4123144/tilda-blocks-page64870495.min26c8.css]
[static.tildacdn.com/ws/project4123144/tilda-blocks-page60686431.mind13c.css]
[static.tildacdn.com/ws/project4123144/tilda-blocks-page64870681.min26c8.css]
[static.tildacdn.com/ws/project4123144/tilda-blocks-page60686709.min26c8.css]
[static.tildacdn.com/ws/project4123144/tilda-blocks-page64870987.min559b.css]
[static.tildacdn.com/ws/project4123144/tilda-blocks-page60687011.min26c8.css]
[static.tildacdn.com/ws/project4123144/tilda-blocks-page60590335.min1ded.css]
[static.tildacdn.com/ws/project4123144/tilda-blocks-page60624761.min1ded.css]
[dubaiplatinumyachts.com/platinum5xen.html]
[static.tildacdn.com/ws/project4123144/tilda-blocks-page60625079.min1ded.css]
[static.tildacdn.com/ws/project4123144/tilda-blocks-page64869485.min26c8.css]
[static.tildacdn.com/ws/project4123144/tilda-blocks-page60627695.min1ded.css]
[static.tildacdn.com/ws/project4123144/tilda-blocks-page60628867.min1ded.css]
[dubaiplatinumyachts.com/platinum40https_/project4123144.tilda.ws/platinum67.html]
[static.tildacdn.com/ws/project4123144/tilda-blocks-page60630315.min1ded.css]
[static.tildacdn.com/ws/project4123144/tilda-blocks-page60644337.mind13c.css]
[static.tildacdn.com/ws/project4123144/tilda-blocks-page60658167.mind13c.css]
[dubaiplatinumyachts.com/platinum82matrixen.html]
[static.tildacdn.com/ws/project4123144/tilda-blocks-page60658253.mind13c.css]
[static.tildacdn.com/ws/project4123144/tilda-blocks-page60658347.mind13c.css]
[dubaiplatinumyachts.com/platinum88aen.html]
[static.tildacdn.com/ws/project4123144/tilda-blocks-page60658479.mind13c.css]
[static.tildacdn.com/ws/project4123144/tilda-blocks-page64869883.min26c8.css]
[static.tildacdn.com/ws/project4123144/tilda-blocks-page60598345.mind13c.css]
[static.tildacdn.com/ws/project4123144/tilda-blocks-page60624761.min1ded.js]
[static.tildacdn.com/ws/project4123144/tilda-blocks-page60658539.mind13c.css]
[dubaiplatinumyachts.com/platinum110en.html]
[static.tildacdn.com/ws/project4123144/tilda-blocks-page60620445.min1ded.css]
[static.tildacdn.com/ws/project4123144/tilda-blocks-page60605305.min50c4.css]
[static.tildacdn.com/ws/project4123144/tilda-blocks-page64863853.min26c8.css]
[static.tildacdn.com/ws/project4123144/tilda-blocks-page60605665.min50c4.css]
[static.tildacdn.com/ws/project4123144/tilda-blocks-page60618395.min50c4.css]
[static.tildacdn.com/ws/project4123144/tilda-blocks-page60618861.min50c4.css]
[static.tildacdn.com/ws/project4123144/tilda-blocks-page60619419.min50c4.css]
[static.tildacdn.com/ws/project4123144/tilda-blocks-page60620933.min1ded.css]
[static.tildacdn.com/ws/project4123144/tilda-blocks-page60621661.min1ded.css]
[static.tildacdn.com/ws/project4123144/tilda-blocks-page60623057.min1ded.css]
[static.tildacdn.com/ws/project4123144/tilda-blocks-page60598647.mind13c.css]
[static.tildacdn.com/ws/project4123144/tilda-blocks-page64870345.min26c8.css]
[static.tildacdn.com/ws/project4123144/tilda-blocks-page60599043.mind13c.css]
[static.tildacdn.com/ws/project4123144/tilda-blocks-page64870475.min26c8.css]
[static.tildacdn.com/ws/project4123144/tilda-blocks-page60599209.mind13c.css]
[static.tildacdn.com/ws/project4123144/tilda-blocks-page64870671.min26c8.css]
[static.tildacdn.com/ws/project4123144/tilda-blocks-page60599665.mind13c.css]
[static.tildacdn.com/ws/project4123144/tilda-blocks-page64870983.min559b.css]
[static.tildacdn.com/ws/project4123144/tilda-blocks-page60600397.min26c8.css]
[static.tildacdn.com/ws/project4123144/tilda-blocks-page60591021.min1ded.css]
[static.tildacdn.com/ws/project4123144/tilda-blocks-page64869069.min26c8.css]
[static.tildacdn.com/ws/project4123144/tilda-blocks-page60591755.min1ded.css]
[static.tildacdn.com/ws/project4123144/tilda-blocks-page60592775.min1ded.css]
[static.tildacdn.com/ws/project4123144/tilda-blocks-page60593113.min1ded.css]
[static.tildacdn.com/ws/project4123144/tilda-blocks-page60593383.min1ded.css]
[static.tildacdn.com/ws/project4123144/tilda-blocks-page60593581.mind13c.css]
[static.tildacdn.com/ws/project4123144/tilda-blocks-page60594203.mind13c.css]
[static.tildacdn.com/ws/project4123144/tilda-blocks-page60594351.mind13c.css]
[static.tildacdn.com/ws/project4123144/tilda-blocks-page60598061.mind13c.css]
[static.tildacdn.com/ws/project4123144/tilda-blocks-page64869679.min26c8.css]
[static.tildacdn.com/ws/project4123144/tilda-blocks-page60588653.min1ded.css]
[static.tildacdn.com/ws/project4123144/tilda-blocks-page60568781.min50c4.css]
[static.tildacdn.com/ws/project4123144/tilda-blocks-page64863803.min26c8.css]
[static.tildacdn.com/ws/project4123144/tilda-blocks-page60585983.min50c4.css]
[static.tildacdn.com/ws/project4123144/tilda-blocks-page60586505.min50c4.css]
[static.tildacdn.com/ws/project4123144/tilda-blocks-page60587097.min50c4.css]
[static.tildacdn.com/ws/project4123144/tilda-blocks-page60588255.min50c4.css]
[static.tildacdn.com/ws/project4123144/tilda-blocks-page60589115.min1ded.css]
[static.tildacdn.com/ws/project4123144/tilda-blocks-page60589367.min1ded.css]
[static.tildacdn.com/ws/project4123144/tilda-blocks-page60589655.min1ded.css]
[dubaiplatinumyachts.com/english/OPR/index.html]
[dubaiplatinumyachts.com/english/${bgImg}.html]
[static.tildacdn.com/ws/project4123144/tilda-blocks-page60624761.min1ded.css]
[static.tildacdn.com/ws/project4123144/tilda-blocks-page60658539.mind13c.css]
[static.tildacdn.com/ws/project4123144/tilda-blocks-page60658539.mind13c.js]
